{"/Users/lisboa/Downloads/commercetools-api-load-testing/data-generation/src/cart-discounts/importer.js":{"path":"/Users/lisboa/Downloads/commercetools-api-load-testing/data-generation/src/cart-discounts/importer.js","statementMap":{"0":{"start":{"line":1,"column":20},"end":{"line":1,"column":46}},"1":{"start":{"line":2,"column":37},"end":{"line":2,"column":64}},"2":{"start":{"line":3,"column":20},"end":{"line":3,"column":40}},"3":{"start":{"line":4,"column":15},"end":{"line":4,"column":47}},"4":{"start":{"line":5,"column":27},"end":{"line":5,"column":50}},"5":{"start":{"line":6,"column":35},"end":{"line":6,"column":61}},"6":{"start":{"line":7,"column":23},"end":{"line":7,"column":43}},"7":{"start":{"line":8,"column":15},"end":{"line":8,"column":39}},"8":{"start":{"line":10,"column":20},"end":{"line":14,"column":1}},"9":{"start":{"line":11,"column":2},"end":{"line":13,"column":3}},"10":{"start":{"line":17,"column":20},"end":{"line":17,"column":30}},"11":{"start":{"line":19,"column":17},"end":{"line":19,"column":49}},"12":{"start":{"line":20,"column":27},"end":{"line":20,"column":57}},"13":{"start":{"line":21,"column":2},"end":{"line":21,"column":52}},"14":{"start":{"line":21,"column":29},"end":{"line":21,"column":52}},"15":{"start":{"line":23,"column":2},"end":{"line":23,"column":73}},"16":{"start":{"line":24,"column":16},"end":{"line":26,"column":3}},"17":{"start":{"line":28,"column":2},"end":{"line":28,"column":46}},"18":{"start":{"line":30,"column":2},"end":{"line":30,"column":76}},"19":{"start":{"line":31,"column":2},"end":{"line":31,"column":79}},"20":{"start":{"line":33,"column":2},"end":{"line":33,"column":64}},"21":{"start":{"line":34,"column":18},"end":{"line":34,"column":28}},"22":{"start":{"line":35,"column":2},"end":{"line":37,"column":3}},"23":{"start":{"line":39,"column":2},"end":{"line":39,"column":14}},"24":{"start":{"line":43,"column":2},"end":{"line":46,"column":3}},"25":{"start":{"line":54,"column":2},"end":{"line":54,"column":32}},"26":{"start":{"line":54,"column":26},"end":{"line":54,"column":32}},"27":{"start":{"line":56,"column":41},"end":{"line":56,"column":58}},"28":{"start":{"line":58,"column":14},"end":{"line":58,"column":16}},"29":{"start":{"line":59,"column":2},"end":{"line":69,"column":3}},"30":{"start":{"line":59,"column":21},"end":{"line":59,"column":22}},"31":{"start":{"line":60,"column":19},"end":{"line":60,"column":51}},"32":{"start":{"line":62,"column":6},"end":{"line":62,"column":61}},"33":{"start":{"line":64,"column":4},"end":{"line":64,"column":46}},"34":{"start":{"line":65,"column":4},"end":{"line":68,"column":5}},"35":{"start":{"line":66,"column":6},"end":{"line":66,"column":38}},"36":{"start":{"line":67,"column":6},"end":{"line":67,"column":16}},"37":{"start":{"line":70,"column":2},"end":{"line":70,"column":34}},"38":{"start":{"line":78,"column":2},"end":{"line":78,"column":35}},"39":{"start":{"line":78,"column":29},"end":{"line":78,"column":35}},"40":{"start":{"line":80,"column":41},"end":{"line":80,"column":61}},"41":{"start":{"line":81,"column":14},"end":{"line":81,"column":16}},"42":{"start":{"line":82,"column":2},"end":{"line":93,"column":3}},"43":{"start":{"line":82,"column":21},"end":{"line":82,"column":22}},"44":{"start":{"line":83,"column":19},"end":{"line":83,"column":68}},"45":{"start":{"line":85,"column":6},"end":{"line":85,"column":61}},"46":{"start":{"line":86,"column":4},"end":{"line":86,"column":50}},"47":{"start":{"line":88,"column":4},"end":{"line":88,"column":46}},"48":{"start":{"line":89,"column":4},"end":{"line":92,"column":5}},"49":{"start":{"line":90,"column":6},"end":{"line":90,"column":38}},"50":{"start":{"line":91,"column":6},"end":{"line":91,"column":16}},"51":{"start":{"line":94,"column":2},"end":{"line":94,"column":34}},"52":{"start":{"line":98,"column":2},"end":{"line":104,"column":3}},"53":{"start":{"line":100,"column":6},"end":{"line":100,"column":71}},"54":{"start":{"line":101,"column":6},"end":{"line":101,"column":21}},"55":{"start":{"line":102,"column":6},"end":{"line":102,"column":29}},"56":{"start":{"line":107,"column":17},"end":{"line":107,"column":18}},"57":{"start":{"line":113,"column":2},"end":{"line":133,"column":3}},"58":{"start":{"line":114,"column":30},"end":{"line":114,"column":80}},"59":{"start":{"line":115,"column":4},"end":{"line":115,"column":79}},"60":{"start":{"line":117,"column":4},"end":{"line":117,"column":21}},"61":{"start":{"line":118,"column":4},"end":{"line":130,"column":5}},"62":{"start":{"line":124,"column":6},"end":{"line":128,"column":7}},"63":{"start":{"line":129,"column":6},"end":{"line":129,"column":12}},"64":{"start":{"line":132,"column":4},"end":{"line":132,"column":13}},"65":{"start":{"line":136,"column":0},"end":{"line":138,"column":1}}},"fnMap":{"0":{"name":"(anonymous_0)","decl":{"start":{"line":10,"column":36},"end":{"line":10,"column":37}},"loc":{"start":{"line":11,"column":2},"end":{"line":13,"column":3}},"line":11},"1":{"name":"generateCartDiscounts","decl":{"start":{"line":16,"column":15},"end":{"line":16,"column":36}},"loc":{"start":{"line":16,"column":54},"end":{"line":40,"column":1}},"line":16},"2":{"name":"getTotalAmount","decl":{"start":{"line":42,"column":9},"end":{"line":42,"column":23}},"loc":{"start":{"line":42,"column":32},"end":{"line":47,"column":1}},"line":42},"3":{"name":"generateCartDiscountsThatAppliesToAllCarts","decl":{"start":{"line":49,"column":15},"end":{"line":49,"column":57}},"loc":{"start":{"line":53,"column":2},"end":{"line":71,"column":1}},"line":53},"4":{"name":"generateCartDiscountsThatRequiresDiscountCode","decl":{"start":{"line":73,"column":15},"end":{"line":73,"column":60}},"loc":{"start":{"line":77,"column":2},"end":{"line":95,"column":1}},"line":77},"5":{"name":"executeBatch","decl":{"start":{"line":97,"column":15},"end":{"line":97,"column":27}},"loc":{"start":{"line":97,"column":42},"end":{"line":105,"column":1}},"line":97},"6":{"name":"(anonymous_6)","decl":{"start":{"line":99,"column":14},"end":{"line":99,"column":15}},"loc":{"start":{"line":99,"column":56},"end":{"line":103,"column":5}},"line":99},"7":{"name":"buildDraftAndCreateCartDiscount","decl":{"start":{"line":108,"column":15},"end":{"line":108,"column":46}},"loc":{"start":{"line":112,"column":2},"end":{"line":134,"column":1}},"line":112}},"branchMap":{"0":{"loc":{"start":{"line":16,"column":37},"end":{"line":16,"column":52}},"type":"default-arg","locations":[{"start":{"line":16,"column":49},"end":{"line":16,"column":52}}],"line":16},"1":{"loc":{"start":{"line":21,"column":2},"end":{"line":21,"column":52}},"type":"if","locations":[{"start":{"line":21,"column":2},"end":{"line":21,"column":52}},{"start":{"line":21,"column":2},"end":{"line":21,"column":52}}],"line":21},"2":{"loc":{"start":{"line":44,"column":5},"end":{"line":44,"column":46}},"type":"binary-expr","locations":[{"start":{"line":44,"column":5},"end":{"line":44,"column":41}},{"start":{"line":44,"column":45},"end":{"line":44,"column":46}}],"line":44},"3":{"loc":{"start":{"line":45,"column":5},"end":{"line":45,"column":43}},"type":"binary-expr","locations":[{"start":{"line":45,"column":5},"end":{"line":45,"column":38}},{"start":{"line":45,"column":42},"end":{"line":45,"column":43}}],"line":45},"4":{"loc":{"start":{"line":54,"column":2},"end":{"line":54,"column":32}},"type":"if","locations":[{"start":{"line":54,"column":2},"end":{"line":54,"column":32}},{"start":{"line":54,"column":2},"end":{"line":54,"column":32}}],"line":54},"5":{"loc":{"start":{"line":65,"column":4},"end":{"line":68,"column":5}},"type":"if","locations":[{"start":{"line":65,"column":4},"end":{"line":68,"column":5}},{"start":{"line":65,"column":4},"end":{"line":68,"column":5}}],"line":65},"6":{"loc":{"start":{"line":78,"column":2},"end":{"line":78,"column":35}},"type":"if","locations":[{"start":{"line":78,"column":2},"end":{"line":78,"column":35}},{"start":{"line":78,"column":2},"end":{"line":78,"column":35}}],"line":78},"7":{"loc":{"start":{"line":89,"column":4},"end":{"line":92,"column":5}},"type":"if","locations":[{"start":{"line":89,"column":4},"end":{"line":92,"column":5}},{"start":{"line":89,"column":4},"end":{"line":92,"column":5}}],"line":89},"8":{"loc":{"start":{"line":111,"column":2},"end":{"line":111,"column":18}},"type":"default-arg","locations":[{"start":{"line":111,"column":17},"end":{"line":111,"column":18}}],"line":111},"9":{"loc":{"start":{"line":118,"column":4},"end":{"line":130,"column":5}},"type":"if","locations":[{"start":{"line":118,"column":4},"end":{"line":130,"column":5}},{"start":{"line":118,"column":4},"end":{"line":130,"column":5}}],"line":118},"10":{"loc":{"start":{"line":119,"column":6},"end":{"line":122,"column":30}},"type":"binary-expr","locations":[{"start":{"line":119,"column":6},"end":{"line":119,"column":29}},{"start":{"line":120,"column":7},"end":{"line":120,"column":29}},{"start":{"line":121,"column":8},"end":{"line":121,"column":30}},{"start":{"line":122,"column":8},"end":{"line":122,"column":29}}],"line":119}},"s":{"0":1,"1":1,"2":1,"3":1,"4":1,"5":1,"6":1,"7":1,"8":1,"9":20,"10":5,"11":5,"12":5,"13":5,"14":3,"15":2,"16":2,"17":2,"18":2,"19":1,"20":1,"21":1,"22":1,"23":1,"24":2,"25":2,"26":0,"27":2,"28":2,"29":2,"30":2,"31":20,"32":20,"33":20,"34":20,"35":0,"36":0,"37":2,"38":1,"39":0,"40":1,"41":1,"42":1,"43":1,"44":10,"45":10,"46":10,"47":10,"48":10,"49":0,"50":0,"51":1,"52":3,"53":30,"54":20,"55":20,"56":1,"57":80,"58":80,"59":80,"60":60,"61":60,"62":50,"63":0,"64":10,"65":1},"f":{"0":20,"1":5,"2":2,"3":2,"4":1,"5":3,"6":30,"7":80},"b":{"0":[5],"1":[3,2],"2":[2,0],"3":[2,0],"4":[0,2],"5":[0,20],"6":[0,1],"7":[0,10],"8":[30],"9":[50,10],"10":[60,50,0,0]},"_coverageSchema":"1a1c01bbd47fc00a2c39e90264f33305004495a9","hash":"ff7acf481b0eb2d0bf7ef01d6c65bbd89983cb3c","contentHash":"b9f5b8b63bfc9ee108ed039d319aeff7be27730da8fe86a412a7a4fb2a0ddba3"},"/Users/lisboa/Downloads/commercetools-api-load-testing/data-generation/src/progress-log.js":{"path":"/Users/lisboa/Downloads/commercetools-api-load-testing/data-generation/src/progress-log.js","statementMap":{"0":{"start":{"line":3,"column":4},"end":{"line":3,"column":31}},"1":{"start":{"line":4,"column":4},"end":{"line":4,"column":22}},"2":{"start":{"line":5,"column":4},"end":{"line":5,"column":22}},"3":{"start":{"line":6,"column":4},"end":{"line":6,"column":20}},"4":{"start":{"line":10,"column":4},"end":{"line":10,"column":22}},"5":{"start":{"line":14,"column":21},"end":{"line":16,"column":11}},"6":{"start":{"line":18,"column":4},"end":{"line":21,"column":5}},"7":{"start":{"line":19,"column":6},"end":{"line":19,"column":49}},"8":{"start":{"line":20,"column":6},"end":{"line":20,"column":40}},"9":{"start":{"line":25,"column":4},"end":{"line":25,"column":28}},"10":{"start":{"line":29,"column":0},"end":{"line":29,"column":28}}},"fnMap":{"0":{"name":"(anonymous_0)","decl":{"start":{"line":2,"column":2},"end":{"line":2,"column":3}},"loc":{"start":{"line":2,"column":32},"end":{"line":7,"column":3}},"line":2},"1":{"name":"(anonymous_1)","decl":{"start":{"line":9,"column":2},"end":{"line":9,"column":3}},"loc":{"start":{"line":9,"column":18},"end":{"line":11,"column":3}},"line":9},"2":{"name":"(anonymous_2)","decl":{"start":{"line":13,"column":2},"end":{"line":13,"column":3}},"loc":{"start":{"line":13,"column":17},"end":{"line":22,"column":3}},"line":13},"3":{"name":"(anonymous_3)","decl":{"start":{"line":24,"column":2},"end":{"line":24,"column":3}},"loc":{"start":{"line":24,"column":14},"end":{"line":26,"column":3}},"line":24}},"branchMap":{"0":{"loc":{"start":{"line":2,"column":21},"end":{"line":2,"column":30}},"type":"default-arg","locations":[{"start":{"line":2,"column":29},"end":{"line":2,"column":30}}],"line":2},"1":{"loc":{"start":{"line":14,"column":21},"end":{"line":16,"column":11}},"type":"cond-expr","locations":[{"start":{"line":15,"column":8},"end":{"line":15,"column":50}},{"start":{"line":16,"column":8},"end":{"line":16,"column":11}}],"line":14},"2":{"loc":{"start":{"line":18,"column":4},"end":{"line":21,"column":5}},"type":"if","locations":[{"start":{"line":18,"column":4},"end":{"line":21,"column":5}},{"start":{"line":18,"column":4},"end":{"line":21,"column":5}}],"line":18}},"s":{"0":9,"1":9,"2":9,"3":9,"4":14,"5":5161,"6":5161,"7":260,"8":260,"9":5161,"10":1},"f":{"0":9,"1":14,"2":5161,"3":5161},"b":{"0":[9],"1":[5161,0],"2":[260,4901]},"_coverageSchema":"1a1c01bbd47fc00a2c39e90264f33305004495a9","hash":"c46625e61d4a8690beefc52405e3461522a8af88","contentHash":"110d58454eaa68e2b9092cd4ae6718c04c84f735e04e5fda4aa23e6cd7217e46"},"/Users/lisboa/Downloads/commercetools-api-load-testing/data-generation/src/custom-object.js":{"path":"/Users/lisboa/Downloads/commercetools-api-load-testing/data-generation/src/custom-object.js","statementMap":{"0":{"start":{"line":1,"column":20},"end":{"line":1,"column":44}},"1":{"start":{"line":4,"column":2},"end":{"line":7,"column":3}},"2":{"start":{"line":11,"column":2},"end":{"line":15,"column":14}},"3":{"start":{"line":19,"column":2},"end":{"line":19,"column":36}},"4":{"start":{"line":23,"column":2},"end":{"line":23,"column":32}},"5":{"start":{"line":27,"column":2},"end":{"line":27,"column":33}},"6":{"start":{"line":31,"column":2},"end":{"line":31,"column":37}},"7":{"start":{"line":35,"column":2},"end":{"line":35,"column":37}},"8":{"start":{"line":41,"column":6},"end":{"line":41,"column":31}},"9":{"start":{"line":42,"column":2},"end":{"line":42,"column":24}},"10":{"start":{"line":45,"column":0},"end":{"line":52,"column":1}}},"fnMap":{"0":{"name":"getCustomObjectMetadata","decl":{"start":{"line":3,"column":9},"end":{"line":3,"column":32}},"loc":{"start":{"line":3,"column":35},"end":{"line":8,"column":1}},"line":3},"1":{"name":"fetchCustomObject","decl":{"start":{"line":10,"column":9},"end":{"line":10,"column":26}},"loc":{"start":{"line":10,"column":29},"end":{"line":16,"column":1}},"line":10},"2":{"name":"fetchProductTypesConfig","decl":{"start":{"line":18,"column":15},"end":{"line":18,"column":38}},"loc":{"start":{"line":18,"column":41},"end":{"line":20,"column":1}},"line":18},"3":{"name":"fetchProductsConfig","decl":{"start":{"line":22,"column":15},"end":{"line":22,"column":34}},"loc":{"start":{"line":22,"column":37},"end":{"line":24,"column":1}},"line":22},"4":{"name":"fetchCustomersConfig","decl":{"start":{"line":26,"column":15},"end":{"line":26,"column":35}},"loc":{"start":{"line":26,"column":38},"end":{"line":28,"column":1}},"line":26},"5":{"name":"fetchCartDiscountsConfig","decl":{"start":{"line":30,"column":15},"end":{"line":30,"column":39}},"loc":{"start":{"line":30,"column":42},"end":{"line":32,"column":1}},"line":30},"6":{"name":"fetchDiscountCodesConfig","decl":{"start":{"line":34,"column":15},"end":{"line":34,"column":39}},"loc":{"start":{"line":34,"column":42},"end":{"line":36,"column":1}},"line":34},"7":{"name":"fetchConfig","decl":{"start":{"line":38,"column":15},"end":{"line":38,"column":26}},"loc":{"start":{"line":38,"column":37},"end":{"line":43,"column":1}},"line":38}},"branchMap":{},"s":{"0":1,"1":28,"2":27,"3":7,"4":3,"5":6,"6":5,"7":6,"8":27,"9":27,"10":1},"f":{"0":28,"1":27,"2":7,"3":3,"4":6,"5":5,"6":6,"7":27},"b":{},"_coverageSchema":"1a1c01bbd47fc00a2c39e90264f33305004495a9","hash":"543fe319414caf0141694509360fffc74716619e","contentHash":"704b768eddbec35c0bdc3ccbcfd4da98c686449529bd890ad3c9fcb9a478d62f"},"/Users/lisboa/Downloads/commercetools-api-load-testing/data-generation/src/client.js":{"path":"/Users/lisboa/Downloads/commercetools-api-load-testing/data-generation/src/client.js","statementMap":{"0":{"start":{"line":1,"column":14},"end":{"line":1,"column":35}},"1":{"start":{"line":2,"column":25},"end":{"line":2,"column":61}},"2":{"start":{"line":5,"column":4},"end":{"line":5,"column":49}},"3":{"start":{"line":8,"column":4},"end":{"line":8,"column":55}},"4":{"start":{"line":9,"column":33},"end":{"line":9,"column":78}},"5":{"start":{"line":10,"column":34},"end":{"line":10,"column":80}},"6":{"start":{"line":11,"column":42},"end":{"line":11,"column":80}},"7":{"start":{"line":12,"column":44},"end":{"line":12,"column":63}},"8":{"start":{"line":14,"column":20},"end":{"line":14,"column":46}},"9":{"start":{"line":23,"column":25},"end":{"line":31,"column":4}},"10":{"start":{"line":33,"column":30},"end":{"line":38,"column":4}},"11":{"start":{"line":40,"column":25},"end":{"line":45,"column":4}},"12":{"start":{"line":47,"column":26},"end":{"line":49,"column":4}},"13":{"start":{"line":51,"column":2},"end":{"line":58,"column":4}},"14":{"start":{"line":63,"column":2},"end":{"line":63,"column":33}},"15":{"start":{"line":63,"column":17},"end":{"line":63,"column":33}},"16":{"start":{"line":65,"column":23},"end":{"line":65,"column":40}},"17":{"start":{"line":66,"column":2},"end":{"line":66,"column":43}},"18":{"start":{"line":67,"column":2},"end":{"line":67,"column":18}},"19":{"start":{"line":75,"column":25},"end":{"line":82,"column":3}},"20":{"start":{"line":83,"column":2},"end":{"line":87,"column":3}},"21":{"start":{"line":85,"column":14},"end":{"line":85,"column":41}},"22":{"start":{"line":92,"column":2},"end":{"line":92,"column":29}},"23":{"start":{"line":92,"column":15},"end":{"line":92,"column":29}},"24":{"start":{"line":94,"column":25},"end":{"line":94,"column":42}},"25":{"start":{"line":95,"column":2},"end":{"line":97,"column":4}},"26":{"start":{"line":98,"column":2},"end":{"line":98,"column":16}},"27":{"start":{"line":101,"column":0},"end":{"line":104,"column":1}},"28":{"start":{"line":102,"column":17},"end":{"line":102,"column":29}}},"fnMap":{"0":{"name":"createCtpClient","decl":{"start":{"line":16,"column":9},"end":{"line":16,"column":24}},"loc":{"start":{"line":22,"column":3},"end":{"line":59,"column":1}},"line":22},"1":{"name":"getCtpClient","decl":{"start":{"line":62,"column":9},"end":{"line":62,"column":21}},"loc":{"start":{"line":62,"column":24},"end":{"line":68,"column":1}},"line":62},"2":{"name":"fetchWithBatches","decl":{"start":{"line":74,"column":9},"end":{"line":74,"column":25}},"loc":{"start":{"line":74,"column":41},"end":{"line":88,"column":1}},"line":74},"3":{"name":"(anonymous_3)","decl":{"start":{"line":85,"column":4},"end":{"line":85,"column":5}},"loc":{"start":{"line":85,"column":14},"end":{"line":85,"column":41}},"line":85},"4":{"name":"getApiRoot","decl":{"start":{"line":91,"column":9},"end":{"line":91,"column":19}},"loc":{"start":{"line":91,"column":22},"end":{"line":99,"column":1}},"line":91},"5":{"name":"(anonymous_5)","decl":{"start":{"line":102,"column":11},"end":{"line":102,"column":12}},"loc":{"start":{"line":102,"column":17},"end":{"line":102,"column":29}},"line":102}},"branchMap":{"0":{"loc":{"start":{"line":63,"column":2},"end":{"line":63,"column":33}},"type":"if","locations":[{"start":{"line":63,"column":2},"end":{"line":63,"column":33}},{"start":{"line":63,"column":2},"end":{"line":63,"column":33}}],"line":63},"1":{"loc":{"start":{"line":92,"column":2},"end":{"line":92,"column":29}},"type":"if","locations":[{"start":{"line":92,"column":2},"end":{"line":92,"column":29}},{"start":{"line":92,"column":2},"end":{"line":92,"column":29}}],"line":92}},"s":{"0":1,"1":1,"2":1,"3":1,"4":1,"5":1,"6":1,"7":1,"8":1,"9":1,"10":1,"11":1,"12":1,"13":1,"14":3,"15":2,"16":1,"17":1,"18":1,"19":2,"20":2,"21":2,"22":420,"23":419,"24":1,"25":1,"26":1,"27":1,"28":420},"f":{"0":1,"1":3,"2":2,"3":2,"4":420,"5":420},"b":{"0":[2,1],"1":[419,1]},"_coverageSchema":"1a1c01bbd47fc00a2c39e90264f33305004495a9","hash":"8ddbc345fc91691d8c1c156cd8716f75f5a112df","contentHash":"b8d020fcbad6f08ceb34e7d5bfef6685ee95992df8f3c3962a49a81fdf9613bf"},"/Users/lisboa/Downloads/commercetools-api-load-testing/data-generation/src/config.js":{"path":"/Users/lisboa/Downloads/commercetools-api-load-testing/data-generation/src/config.js","statementMap":{"0":{"start":{"line":2,"column":2},"end":{"line":12,"column":3}},"1":{"start":{"line":16,"column":2},"end":{"line":16,"column":40}},"2":{"start":{"line":20,"column":2},"end":{"line":20,"column":51}},"3":{"start":{"line":24,"column":49},"end":{"line":24,"column":66}},"4":{"start":{"line":25,"column":2},"end":{"line":28,"column":5}},"5":{"start":{"line":26,"column":4},"end":{"line":28,"column":5}},"6":{"start":{"line":31,"column":0},"end":{"line":31,"column":23}},"7":{"start":{"line":33,"column":0},"end":{"line":37,"column":1}}},"fnMap":{"0":{"name":"getClientConfig","decl":{"start":{"line":1,"column":9},"end":{"line":1,"column":24}},"loc":{"start":{"line":1,"column":27},"end":{"line":13,"column":1}},"line":1},"1":{"name":"getLogLevel","decl":{"start":{"line":15,"column":9},"end":{"line":15,"column":20}},"loc":{"start":{"line":15,"column":23},"end":{"line":17,"column":1}},"line":15},"2":{"name":"getConcurrency","decl":{"start":{"line":19,"column":9},"end":{"line":19,"column":23}},"loc":{"start":{"line":19,"column":26},"end":{"line":21,"column":1}},"line":19},"3":{"name":"loadAndValidateConfig","decl":{"start":{"line":23,"column":9},"end":{"line":23,"column":30}},"loc":{"start":{"line":23,"column":33},"end":{"line":29,"column":1}},"line":23}},"branchMap":{"0":{"loc":{"start":{"line":7,"column":6},"end":{"line":8,"column":54}},"type":"binary-expr","locations":[{"start":{"line":7,"column":6},"end":{"line":7,"column":29}},{"start":{"line":8,"column":6},"end":{"line":8,"column":54}}],"line":7},"1":{"loc":{"start":{"line":10,"column":6},"end":{"line":11,"column":55}},"type":"binary-expr","locations":[{"start":{"line":10,"column":6},"end":{"line":10,"column":30}},{"start":{"line":11,"column":6},"end":{"line":11,"column":55}}],"line":10},"2":{"loc":{"start":{"line":16,"column":9},"end":{"line":16,"column":40}},"type":"binary-expr","locations":[{"start":{"line":16,"column":9},"end":{"line":16,"column":30}},{"start":{"line":16,"column":34},"end":{"line":16,"column":40}}],"line":16},"3":{"loc":{"start":{"line":20,"column":9},"end":{"line":20,"column":51}},"type":"binary-expr","locations":[{"start":{"line":20,"column":9},"end":{"line":20,"column":46}},{"start":{"line":20,"column":50},"end":{"line":20,"column":51}}],"line":20},"4":{"loc":{"start":{"line":25,"column":2},"end":{"line":28,"column":5}},"type":"if","locations":[{"start":{"line":25,"column":2},"end":{"line":28,"column":5}},{"start":{"line":25,"column":2},"end":{"line":28,"column":5}}],"line":25},"5":{"loc":{"start":{"line":25,"column":6},"end":{"line":25,"column":47}},"type":"binary-expr","locations":[{"start":{"line":25,"column":6},"end":{"line":25,"column":17}},{"start":{"line":25,"column":21},"end":{"line":25,"column":30}},{"start":{"line":25,"column":34},"end":{"line":25,"column":47}}],"line":25}},"s":{"0":10,"1":3,"2":1,"3":4,"4":4,"5":1,"6":4,"7":3},"f":{"0":10,"1":3,"2":1,"3":4},"b":{"0":[10,3],"1":[10,3],"2":[3,1],"3":[1,0],"4":[1,3],"5":[4,4,4]},"_coverageSchema":"1a1c01bbd47fc00a2c39e90264f33305004495a9","hash":"05bddb344d50fb5aa1e047b8c42bfaa1cd18c3d0","contentHash":"d7c20e086b66df4a94da63886a54100dddbc920c9847a940c6c02f38c8e2784c"},"/Users/lisboa/Downloads/commercetools-api-load-testing/data-generation/src/logger.js":{"path":"/Users/lisboa/Downloads/commercetools-api-load-testing/data-generation/src/logger.js","statementMap":{"0":{"start":{"line":1,"column":15},"end":{"line":1,"column":32}},"1":{"start":{"line":2,"column":41},"end":{"line":2,"column":60}},"2":{"start":{"line":3,"column":20},"end":{"line":3,"column":46}},"3":{"start":{"line":8,"column":2},"end":{"line":14,"column":6}},"4":{"start":{"line":9,"column":4},"end":{"line":14,"column":6}},"5":{"start":{"line":15,"column":2},"end":{"line":15,"column":15}},"6":{"start":{"line":18,"column":0},"end":{"line":20,"column":1}}},"fnMap":{"0":{"name":"getLogger","decl":{"start":{"line":7,"column":9},"end":{"line":7,"column":18}},"loc":{"start":{"line":7,"column":21},"end":{"line":16,"column":1}},"line":7}},"branchMap":{"0":{"loc":{"start":{"line":8,"column":2},"end":{"line":14,"column":6}},"type":"if","locations":[{"start":{"line":8,"column":2},"end":{"line":14,"column":6}},{"start":{"line":8,"column":2},"end":{"line":14,"column":6}}],"line":8}},"s":{"0":1,"1":1,"2":1,"3":6,"4":1,"5":6,"6":1},"f":{"0":6},"b":{"0":[1,5]},"_coverageSchema":"1a1c01bbd47fc00a2c39e90264f33305004495a9","hash":"6cf1691d6b44f9754e1f9caca77d35cbcf19b707","contentHash":"1b970e058c785f5d889ef7560dbbe67e7bc4de48f0be769e186b7d97f21b1425"},"/Users/lisboa/Downloads/commercetools-api-load-testing/data-generation/src/validator.js":{"path":"/Users/lisboa/Downloads/commercetools-api-load-testing/data-generation/src/validator.js","statementMap":{"0":{"start":{"line":1,"column":12},"end":{"line":1,"column":26}},"1":{"start":{"line":2,"column":15},"end":{"line":2,"column":46}},"2":{"start":{"line":4,"column":12},"end":{"line":4,"column":40}},"3":{"start":{"line":6,"column":0},"end":{"line":29,"column":2}},"4":{"start":{"line":10,"column":4},"end":{"line":10,"column":37}},"5":{"start":{"line":11,"column":41},"end":{"line":11,"column":45}},"6":{"start":{"line":12,"column":4},"end":{"line":12,"column":51}},"7":{"start":{"line":14,"column":30},"end":{"line":18,"column":5}},"8":{"start":{"line":16,"column":8},"end":{"line":16,"column":64}},"9":{"start":{"line":20,"column":4},"end":{"line":27,"column":5}},"10":{"start":{"line":21,"column":6},"end":{"line":26,"column":8}},"11":{"start":{"line":31,"column":0},"end":{"line":39,"column":2}},"12":{"start":{"line":35,"column":25},"end":{"line":35,"column":29}},"13":{"start":{"line":36,"column":4},"end":{"line":36,"column":31}},"14":{"start":{"line":37,"column":4},"end":{"line":37,"column":45}},"15":{"start":{"line":41,"column":0},"end":{"line":55,"column":2}},"16":{"start":{"line":45,"column":45},"end":{"line":45,"column":49}},"17":{"start":{"line":46,"column":4},"end":{"line":46,"column":39}},"18":{"start":{"line":47,"column":4},"end":{"line":53,"column":5}},"19":{"start":{"line":64,"column":2},"end":{"line":69,"column":3}},"20":{"start":{"line":65,"column":4},"end":{"line":68,"column":6}},"21":{"start":{"line":73,"column":19},"end":{"line":73,"column":38}},"22":{"start":{"line":74,"column":2},"end":{"line":77,"column":3}},"23":{"start":{"line":75,"column":4},"end":{"line":75,"column":67}},"24":{"start":{"line":76,"column":4},"end":{"line":76,"column":25}},"25":{"start":{"line":78,"column":2},"end":{"line":81,"column":3}},"26":{"start":{"line":79,"column":4},"end":{"line":79,"column":70}},"27":{"start":{"line":80,"column":4},"end":{"line":80,"column":25}},"28":{"start":{"line":82,"column":16},"end":{"line":82,"column":32}},"29":{"start":{"line":83,"column":2},"end":{"line":89,"column":3}},"30":{"start":{"line":84,"column":4},"end":{"line":87,"column":5}},"31":{"start":{"line":88,"column":4},"end":{"line":88,"column":39}},"32":{"start":{"line":91,"column":2},"end":{"line":91,"column":24}},"33":{"start":{"line":94,"column":0},"end":{"line":94,"column":35}}},"fnMap":{"0":{"name":"totalAmountsValidator","decl":{"start":{"line":9,"column":21},"end":{"line":9,"column":42}},"loc":{"start":{"line":9,"column":56},"end":{"line":28,"column":3}},"line":9},"1":{"name":"(anonymous_1)","decl":{"start":{"line":15,"column":6},"end":{"line":15,"column":7}},"loc":{"start":{"line":16,"column":8},"end":{"line":16,"column":64}},"line":16},"2":{"name":"minMaxValidator","decl":{"start":{"line":34,"column":21},"end":{"line":34,"column":36}},"loc":{"start":{"line":34,"column":50},"end":{"line":38,"column":3}},"line":34},"3":{"name":"minCentMaxCentValidator","decl":{"start":{"line":44,"column":21},"end":{"line":44,"column":44}},"loc":{"start":{"line":44,"column":58},"end":{"line":54,"column":3}},"line":44},"4":{"name":"validateMinMax","decl":{"start":{"line":57,"column":9},"end":{"line":57,"column":23}},"loc":{"start":{"line":63,"column":2},"end":{"line":70,"column":1}},"line":63},"5":{"name":"validateConfig","decl":{"start":{"line":72,"column":9},"end":{"line":72,"column":23}},"loc":{"start":{"line":72,"column":40},"end":{"line":92,"column":1}},"line":72}},"branchMap":{"0":{"loc":{"start":{"line":14,"column":42},"end":{"line":14,"column":62}},"type":"binary-expr","locations":[{"start":{"line":14,"column":42},"end":{"line":14,"column":56}},{"start":{"line":14,"column":60},"end":{"line":14,"column":62}}],"line":14},"1":{"loc":{"start":{"line":16,"column":23},"end":{"line":16,"column":63}},"type":"binary-expr","locations":[{"start":{"line":16,"column":23},"end":{"line":16,"column":58}},{"start":{"line":16,"column":62},"end":{"line":16,"column":63}}],"line":16},"2":{"loc":{"start":{"line":20,"column":4},"end":{"line":27,"column":5}},"type":"if","locations":[{"start":{"line":20,"column":4},"end":{"line":27,"column":5}},{"start":{"line":20,"column":4},"end":{"line":27,"column":5}}],"line":20},"3":{"loc":{"start":{"line":61,"column":2},"end":{"line":61,"column":17}},"type":"default-arg","locations":[{"start":{"line":61,"column":12},"end":{"line":61,"column":17}}],"line":61},"4":{"loc":{"start":{"line":62,"column":2},"end":{"line":62,"column":17}},"type":"default-arg","locations":[{"start":{"line":62,"column":12},"end":{"line":62,"column":17}}],"line":62},"5":{"loc":{"start":{"line":64,"column":2},"end":{"line":69,"column":3}},"type":"if","locations":[{"start":{"line":64,"column":2},"end":{"line":69,"column":3}},{"start":{"line":64,"column":2},"end":{"line":69,"column":3}}],"line":64},"6":{"loc":{"start":{"line":74,"column":2},"end":{"line":77,"column":3}},"type":"if","locations":[{"start":{"line":74,"column":2},"end":{"line":77,"column":3}},{"start":{"line":74,"column":2},"end":{"line":77,"column":3}}],"line":74},"7":{"loc":{"start":{"line":78,"column":2},"end":{"line":81,"column":3}},"type":"if","locations":[{"start":{"line":78,"column":2},"end":{"line":81,"column":3}},{"start":{"line":78,"column":2},"end":{"line":81,"column":3}}],"line":78},"8":{"loc":{"start":{"line":83,"column":2},"end":{"line":89,"column":3}},"type":"if","locations":[{"start":{"line":83,"column":2},"end":{"line":89,"column":3}},{"start":{"line":83,"column":2},"end":{"line":89,"column":3}}],"line":83}},"s":{"0":1,"1":1,"2":1,"3":1,"4":5,"5":5,"6":5,"7":5,"8":27,"9":5,"10":1,"11":1,"12":3,"13":3,"14":3,"15":1,"16":3,"17":3,"18":3,"19":11,"20":1,"21":27,"22":27,"23":4,"24":4,"25":23,"26":4,"27":4,"28":19,"29":19,"30":6,"31":6,"32":13,"33":1},"f":{"0":5,"1":27,"2":3,"3":3,"4":11,"5":27},"b":{"0":[5,1],"1":[27,0],"2":[1,4],"3":[8],"4":[8],"5":[1,10],"6":[4,23],"7":[4,19],"8":[6,13]},"_coverageSchema":"1a1c01bbd47fc00a2c39e90264f33305004495a9","hash":"d3742acf7e8b4d58c343a4cf30d853844e01a018","contentHash":"e2e1d2ebbdc47fd0ffa4a8b49f70e7093a99359d7217d3d1cc6301aebb1b9363"},"/Users/lisboa/Downloads/commercetools-api-load-testing/data-generation/src/cart-discounts/draft-builder.js":{"path":"/Users/lisboa/Downloads/commercetools-api-load-testing/data-generation/src/cart-discounts/draft-builder.js","statementMap":{"0":{"start":{"line":1,"column":54},"end":{"line":1,"column":74}},"1":{"start":{"line":13,"column":2},"end":{"line":27,"column":3}},"2":{"start":{"line":32,"column":2},"end":{"line":35,"column":26}},"3":{"start":{"line":38,"column":0},"end":{"line":40,"column":1}}},"fnMap":{"0":{"name":"buildCartDiscountDraft","decl":{"start":{"line":3,"column":9},"end":{"line":3,"column":31}},"loc":{"start":{"line":12,"column":2},"end":{"line":28,"column":1}},"line":12},"1":{"name":"randomSortOrder","decl":{"start":{"line":30,"column":9},"end":{"line":30,"column":24}},"loc":{"start":{"line":30,"column":27},"end":{"line":36,"column":1}},"line":30}},"branchMap":{"0":{"loc":{"start":{"line":7,"column":4},"end":{"line":7,"column":27}},"type":"default-arg","locations":[{"start":{"line":7,"column":20},"end":{"line":7,"column":27}}],"line":7},"1":{"loc":{"start":{"line":9,"column":4},"end":{"line":9,"column":19}},"type":"default-arg","locations":[{"start":{"line":9,"column":15},"end":{"line":9,"column":19}}],"line":9},"2":{"loc":{"start":{"line":10,"column":4},"end":{"line":10,"column":32}},"type":"default-arg","locations":[{"start":{"line":10,"column":27},"end":{"line":10,"column":32}}],"line":10}},"s":{"0":1,"1":80,"2":80,"3":1},"f":{"0":80,"1":80},"b":{"0":[0],"1":[70],"2":[70]},"_coverageSchema":"1a1c01bbd47fc00a2c39e90264f33305004495a9","hash":"167b466010c2670dd368577b9d2d20663df60634","contentHash":"ca6daefae8ae41313d8ffee86ce35f60e999813489dd138a7ee68247fb752297"},"/Users/lisboa/Downloads/commercetools-api-load-testing/data-generation/src/random.js":{"path":"/Users/lisboa/Downloads/commercetools-api-load-testing/data-generation/src/random.js","statementMap":{"0":{"start":{"line":1,"column":14},"end":{"line":1,"column":30}},"1":{"start":{"line":4,"column":2},"end":{"line":4,"column":47}},"2":{"start":{"line":8,"column":2},"end":{"line":10,"column":3}},"3":{"start":{"line":14,"column":2},"end":{"line":14,"column":33}},"4":{"start":{"line":18,"column":2},"end":{"line":18,"column":59}},"5":{"start":{"line":22,"column":2},"end":{"line":22,"column":37}},"6":{"start":{"line":26,"column":2},"end":{"line":29,"column":3}},"7":{"start":{"line":33,"column":2},"end":{"line":33,"column":34}},"8":{"start":{"line":37,"column":2},"end":{"line":39,"column":3}},"9":{"start":{"line":43,"column":2},"end":{"line":43,"column":73}},"10":{"start":{"line":47,"column":2},"end":{"line":47,"column":33}},"11":{"start":{"line":51,"column":14},"end":{"line":51,"column":24}},"12":{"start":{"line":52,"column":2},"end":{"line":52,"column":40}},"13":{"start":{"line":53,"column":2},"end":{"line":53,"column":26}},"14":{"start":{"line":56,"column":0},"end":{"line":68,"column":1}}},"fnMap":{"0":{"name":"randomWord","decl":{"start":{"line":3,"column":9},"end":{"line":3,"column":19}},"loc":{"start":{"line":3,"column":22},"end":{"line":5,"column":1}},"line":3},"1":{"name":"randomNumber","decl":{"start":{"line":7,"column":9},"end":{"line":7,"column":21}},"loc":{"start":{"line":7,"column":50},"end":{"line":11,"column":1}},"line":7},"2":{"name":"randomBoolean","decl":{"start":{"line":13,"column":9},"end":{"line":13,"column":22}},"loc":{"start":{"line":13,"column":25},"end":{"line":15,"column":1}},"line":13},"3":{"name":"randomCountryCode","decl":{"start":{"line":17,"column":9},"end":{"line":17,"column":26}},"loc":{"start":{"line":17,"column":29},"end":{"line":19,"column":1}},"line":17},"4":{"name":"randomCurrencyCode","decl":{"start":{"line":21,"column":9},"end":{"line":21,"column":27}},"loc":{"start":{"line":21,"column":30},"end":{"line":23,"column":1}},"line":21},"5":{"name":"randomMoneyAmount","decl":{"start":{"line":25,"column":9},"end":{"line":25,"column":26}},"loc":{"start":{"line":25,"column":29},"end":{"line":30,"column":1}},"line":25},"6":{"name":"randomDate","decl":{"start":{"line":32,"column":9},"end":{"line":32,"column":19}},"loc":{"start":{"line":32,"column":22},"end":{"line":34,"column":1}},"line":32},"7":{"name":"randomLocalizedSlug","decl":{"start":{"line":36,"column":9},"end":{"line":36,"column":28}},"loc":{"start":{"line":36,"column":31},"end":{"line":40,"column":1}},"line":36},"8":{"name":"randomEmail","decl":{"start":{"line":42,"column":9},"end":{"line":42,"column":20}},"loc":{"start":{"line":42,"column":29},"end":{"line":44,"column":1}},"line":42},"9":{"name":"getValidFrom","decl":{"start":{"line":46,"column":9},"end":{"line":46,"column":21}},"loc":{"start":{"line":46,"column":24},"end":{"line":48,"column":1}},"line":46},"10":{"name":"getValidUntil","decl":{"start":{"line":50,"column":9},"end":{"line":50,"column":22}},"loc":{"start":{"line":50,"column":25},"end":{"line":54,"column":1}},"line":50}},"branchMap":{},"s":{"0":1,"1":26870,"2":804,"3":1369,"4":10573,"5":0,"6":0,"7":0,"8":10,"9":124,"10":204,"11":204,"12":204,"13":204,"14":1},"f":{"0":26870,"1":804,"2":1369,"3":10573,"4":0,"5":0,"6":0,"7":10,"8":124,"9":204,"10":204},"b":{},"_coverageSchema":"1a1c01bbd47fc00a2c39e90264f33305004495a9","hash":"fd4ff8363d3a86a606f0f6cab40ae978f6afeee2","contentHash":"6532aa71de03b0a9071536dfdf0cece0e5202459ddeba2ca2b9dca7bed861bfa"},"/Users/lisboa/Downloads/commercetools-api-load-testing/data-generation/src/customers/importer.js":{"path":"/Users/lisboa/Downloads/commercetools-api-load-testing/data-generation/src/customers/importer.js","statementMap":{"0":{"start":{"line":1,"column":20},"end":{"line":1,"column":46}},"1":{"start":{"line":2,"column":33},"end":{"line":2,"column":60}},"2":{"start":{"line":3,"column":20},"end":{"line":3,"column":40}},"3":{"start":{"line":4,"column":15},"end":{"line":4,"column":47}},"4":{"start":{"line":5,"column":27},"end":{"line":5,"column":50}},"5":{"start":{"line":6,"column":31},"end":{"line":6,"column":57}},"6":{"start":{"line":7,"column":23},"end":{"line":7,"column":43}},"7":{"start":{"line":8,"column":15},"end":{"line":8,"column":39}},"8":{"start":{"line":10,"column":20},"end":{"line":14,"column":1}},"9":{"start":{"line":11,"column":2},"end":{"line":13,"column":3}},"10":{"start":{"line":17,"column":20},"end":{"line":17,"column":30}},"11":{"start":{"line":19,"column":17},"end":{"line":19,"column":45}},"12":{"start":{"line":20,"column":27},"end":{"line":20,"column":57}},"13":{"start":{"line":21,"column":2},"end":{"line":21,"column":52}},"14":{"start":{"line":21,"column":29},"end":{"line":21,"column":52}},"15":{"start":{"line":23,"column":2},"end":{"line":23,"column":68}},"16":{"start":{"line":24,"column":16},"end":{"line":26,"column":3}},"17":{"start":{"line":28,"column":21},"end":{"line":28,"column":27}},"18":{"start":{"line":29,"column":2},"end":{"line":29,"column":30}},"19":{"start":{"line":31,"column":24},"end":{"line":31,"column":52}},"20":{"start":{"line":32,"column":14},"end":{"line":32,"column":16}},"21":{"start":{"line":33,"column":2},"end":{"line":40,"column":3}},"22":{"start":{"line":33,"column":21},"end":{"line":33,"column":22}},"23":{"start":{"line":34,"column":19},"end":{"line":34,"column":47}},"24":{"start":{"line":35,"column":4},"end":{"line":35,"column":58}},"25":{"start":{"line":36,"column":4},"end":{"line":39,"column":5}},"26":{"start":{"line":37,"column":6},"end":{"line":37,"column":38}},"27":{"start":{"line":38,"column":6},"end":{"line":38,"column":16}},"28":{"start":{"line":41,"column":2},"end":{"line":41,"column":34}},"29":{"start":{"line":42,"column":2},"end":{"line":42,"column":60}},"30":{"start":{"line":44,"column":2},"end":{"line":44,"column":59}},"31":{"start":{"line":45,"column":18},"end":{"line":45,"column":28}},"32":{"start":{"line":46,"column":2},"end":{"line":48,"column":3}},"33":{"start":{"line":50,"column":2},"end":{"line":50,"column":14}},"34":{"start":{"line":54,"column":2},"end":{"line":60,"column":3}},"35":{"start":{"line":56,"column":6},"end":{"line":56,"column":60}},"36":{"start":{"line":57,"column":6},"end":{"line":57,"column":21}},"37":{"start":{"line":58,"column":6},"end":{"line":58,"column":29}},"38":{"start":{"line":63,"column":17},"end":{"line":63,"column":18}},"39":{"start":{"line":69,"column":2},"end":{"line":85,"column":3}},"40":{"start":{"line":70,"column":26},"end":{"line":70,"column":65}},"41":{"start":{"line":71,"column":4},"end":{"line":71,"column":71}},"42":{"start":{"line":73,"column":4},"end":{"line":73,"column":21}},"43":{"start":{"line":74,"column":4},"end":{"line":82,"column":5}},"44":{"start":{"line":80,"column":6},"end":{"line":80,"column":76}},"45":{"start":{"line":81,"column":6},"end":{"line":81,"column":12}},"46":{"start":{"line":84,"column":4},"end":{"line":84,"column":13}},"47":{"start":{"line":89,"column":17},"end":{"line":89,"column":44}},"48":{"start":{"line":90,"column":2},"end":{"line":90,"column":56}},"49":{"start":{"line":91,"column":2},"end":{"line":91,"column":17}},"50":{"start":{"line":92,"column":2},"end":{"line":92,"column":25}},"51":{"start":{"line":96,"column":20},"end":{"line":101,"column":3}},"52":{"start":{"line":105,"column":6},"end":{"line":105,"column":62}},"53":{"start":{"line":107,"column":24},"end":{"line":107,"column":25}},"54":{"start":{"line":108,"column":2},"end":{"line":111,"column":3}},"55":{"start":{"line":109,"column":20},"end":{"line":109,"column":30}},"56":{"start":{"line":110,"column":4},"end":{"line":110,"column":64}},"57":{"start":{"line":112,"column":2},"end":{"line":112,"column":24}},"58":{"start":{"line":115,"column":0},"end":{"line":117,"column":1}}},"fnMap":{"0":{"name":"(anonymous_0)","decl":{"start":{"line":10,"column":36},"end":{"line":10,"column":37}},"loc":{"start":{"line":11,"column":2},"end":{"line":13,"column":3}},"line":11},"1":{"name":"generateCustomers","decl":{"start":{"line":16,"column":15},"end":{"line":16,"column":32}},"loc":{"start":{"line":16,"column":50},"end":{"line":51,"column":1}},"line":16},"2":{"name":"executeBatch","decl":{"start":{"line":53,"column":15},"end":{"line":53,"column":27}},"loc":{"start":{"line":53,"column":42},"end":{"line":61,"column":1}},"line":53},"3":{"name":"(anonymous_3)","decl":{"start":{"line":55,"column":14},"end":{"line":55,"column":15}},"loc":{"start":{"line":55,"column":49},"end":{"line":59,"column":5}},"line":55},"4":{"name":"buildDraftAndCreateCustomer","decl":{"start":{"line":64,"column":15},"end":{"line":64,"column":42}},"loc":{"start":{"line":68,"column":2},"end":{"line":86,"column":1}},"line":68},"5":{"name":"createLastCustomer","decl":{"start":{"line":88,"column":15},"end":{"line":88,"column":33}},"loc":{"start":{"line":88,"column":62},"end":{"line":93,"column":1}},"line":88},"6":{"name":"fetchLastCustomerKey","decl":{"start":{"line":95,"column":15},"end":{"line":95,"column":35}},"loc":{"start":{"line":95,"column":38},"end":{"line":113,"column":1}},"line":95}},"branchMap":{"0":{"loc":{"start":{"line":16,"column":33},"end":{"line":16,"column":48}},"type":"default-arg","locations":[{"start":{"line":16,"column":45},"end":{"line":16,"column":48}}],"line":16},"1":{"loc":{"start":{"line":21,"column":2},"end":{"line":21,"column":52}},"type":"if","locations":[{"start":{"line":21,"column":2},"end":{"line":21,"column":52}},{"start":{"line":21,"column":2},"end":{"line":21,"column":52}}],"line":21},"2":{"loc":{"start":{"line":36,"column":4},"end":{"line":39,"column":5}},"type":"if","locations":[{"start":{"line":36,"column":4},"end":{"line":39,"column":5}},{"start":{"line":36,"column":4},"end":{"line":39,"column":5}}],"line":36},"3":{"loc":{"start":{"line":67,"column":2},"end":{"line":67,"column":18}},"type":"default-arg","locations":[{"start":{"line":67,"column":17},"end":{"line":67,"column":18}}],"line":67},"4":{"loc":{"start":{"line":74,"column":4},"end":{"line":82,"column":5}},"type":"if","locations":[{"start":{"line":74,"column":4},"end":{"line":82,"column":5}},{"start":{"line":74,"column":4},"end":{"line":82,"column":5}}],"line":74},"5":{"loc":{"start":{"line":75,"column":6},"end":{"line":78,"column":30}},"type":"binary-expr","locations":[{"start":{"line":75,"column":6},"end":{"line":75,"column":29}},{"start":{"line":76,"column":7},"end":{"line":76,"column":29}},{"start":{"line":77,"column":8},"end":{"line":77,"column":30}},{"start":{"line":78,"column":8},"end":{"line":78,"column":29}}],"line":75},"6":{"loc":{"start":{"line":108,"column":2},"end":{"line":111,"column":3}},"type":"if","locations":[{"start":{"line":108,"column":2},"end":{"line":111,"column":3}},{"start":{"line":108,"column":2},"end":{"line":111,"column":3}}],"line":108},"7":{"loc":{"start":{"line":108,"column":6},"end":{"line":108,"column":46}},"type":"binary-expr","locations":[{"start":{"line":108,"column":6},"end":{"line":108,"column":24}},{"start":{"line":108,"column":28},"end":{"line":108,"column":46}}],"line":108}},"s":{"0":1,"1":1,"2":1,"3":1,"4":1,"5":1,"6":1,"7":1,"8":1,"9":10,"10":6,"11":6,"12":6,"13":6,"14":4,"15":2,"16":2,"17":2,"18":2,"19":2,"20":2,"21":2,"22":2,"23":28,"24":28,"25":28,"26":0,"27":0,"28":2,"29":1,"30":1,"31":1,"32":1,"33":1,"34":2,"35":28,"36":9,"37":9,"38":1,"39":124,"40":124,"41":124,"42":114,"43":114,"44":95,"45":0,"46":19,"47":1,"48":1,"49":1,"50":1,"51":2,"52":2,"53":2,"54":2,"55":1,"56":1,"57":2,"58":1},"f":{"0":10,"1":6,"2":2,"3":28,"4":124,"5":1,"6":2},"b":{"0":[6],"1":[4,2],"2":[0,28],"3":[29],"4":[95,19],"5":[114,95,0,0],"6":[1,1],"7":[2,2]},"_coverageSchema":"1a1c01bbd47fc00a2c39e90264f33305004495a9","hash":"e36a779e969f0d28cbe292981b58774bc57330ae","contentHash":"ba5c7a61e9b9b264a418a373286c67b16a1212b4c487fe64728d2fc6ddd122a4"},"/Users/lisboa/Downloads/commercetools-api-load-testing/data-generation/src/customers/draft-builder.js":{"path":"/Users/lisboa/Downloads/commercetools-api-load-testing/data-generation/src/customers/draft-builder.js","statementMap":{"0":{"start":{"line":1,"column":24},"end":{"line":1,"column":44}},"1":{"start":{"line":4,"column":2},"end":{"line":9,"column":3}},"2":{"start":{"line":12,"column":0},"end":{"line":14,"column":1}}},"fnMap":{"0":{"name":"buildCustomerDraft","decl":{"start":{"line":3,"column":9},"end":{"line":3,"column":27}},"loc":{"start":{"line":3,"column":49},"end":{"line":10,"column":1}},"line":3}},"branchMap":{},"s":{"0":1,"1":124,"2":1},"f":{"0":124},"b":{},"_coverageSchema":"1a1c01bbd47fc00a2c39e90264f33305004495a9","hash":"318466035608a934a679e803d8db2f7a1cc3f2dc","contentHash":"ecfd4b28bb7d8e5df0420ca88c36e57dde4c1355604924d2b28abf225f6947cb"},"/Users/lisboa/Downloads/commercetools-api-load-testing/data-generation/src/discount-codes/importer.js":{"path":"/Users/lisboa/Downloads/commercetools-api-load-testing/data-generation/src/discount-codes/importer.js","statementMap":{"0":{"start":{"line":1,"column":20},"end":{"line":1,"column":46}},"1":{"start":{"line":2,"column":37},"end":{"line":2,"column":64}},"2":{"start":{"line":3,"column":20},"end":{"line":3,"column":40}},"3":{"start":{"line":4,"column":15},"end":{"line":4,"column":47}},"4":{"start":{"line":5,"column":27},"end":{"line":5,"column":50}},"5":{"start":{"line":6,"column":35},"end":{"line":6,"column":61}},"6":{"start":{"line":7,"column":23},"end":{"line":7,"column":43}},"7":{"start":{"line":8,"column":15},"end":{"line":8,"column":39}},"8":{"start":{"line":10,"column":20},"end":{"line":14,"column":1}},"9":{"start":{"line":11,"column":2},"end":{"line":13,"column":3}},"10":{"start":{"line":20,"column":20},"end":{"line":20,"column":30}},"11":{"start":{"line":22,"column":17},"end":{"line":22,"column":49}},"12":{"start":{"line":23,"column":27},"end":{"line":23,"column":57}},"13":{"start":{"line":24,"column":2},"end":{"line":24,"column":52}},"14":{"start":{"line":24,"column":29},"end":{"line":24,"column":52}},"15":{"start":{"line":26,"column":2},"end":{"line":26,"column":73}},"16":{"start":{"line":27,"column":16},"end":{"line":29,"column":3}},"17":{"start":{"line":30,"column":22},"end":{"line":30,"column":69}},"18":{"start":{"line":31,"column":2},"end":{"line":33,"column":3}},"19":{"start":{"line":32,"column":4},"end":{"line":32,"column":77}},"20":{"start":{"line":37,"column":6},"end":{"line":37,"column":12}},"21":{"start":{"line":38,"column":2},"end":{"line":38,"column":30}},"22":{"start":{"line":40,"column":25},"end":{"line":40,"column":54}},"23":{"start":{"line":41,"column":34},"end":{"line":41,"column":54}},"24":{"start":{"line":43,"column":4},"end":{"line":43,"column":55}},"25":{"start":{"line":45,"column":14},"end":{"line":45,"column":16}},"26":{"start":{"line":46,"column":2},"end":{"line":77,"column":3}},"27":{"start":{"line":46,"column":21},"end":{"line":46,"column":22}},"28":{"start":{"line":47,"column":19},"end":{"line":47,"column":47}},"29":{"start":{"line":49,"column":25},"end":{"line":49,"column":76}},"30":{"start":{"line":51,"column":4},"end":{"line":70,"column":5}},"31":{"start":{"line":52,"column":35},"end":{"line":55,"column":7}},"32":{"start":{"line":56,"column":6},"end":{"line":56,"column":62}},"33":{"start":{"line":58,"column":6},"end":{"line":69,"column":7}},"34":{"start":{"line":59,"column":8},"end":{"line":59,"column":39}},"35":{"start":{"line":60,"column":13},"end":{"line":69,"column":7}},"36":{"start":{"line":61,"column":8},"end":{"line":65,"column":9}},"37":{"start":{"line":66,"column":8},"end":{"line":66,"column":39}},"38":{"start":{"line":68,"column":8},"end":{"line":68,"column":44}},"39":{"start":{"line":72,"column":4},"end":{"line":72,"column":74}},"40":{"start":{"line":73,"column":4},"end":{"line":76,"column":5}},"41":{"start":{"line":74,"column":6},"end":{"line":74,"column":46}},"42":{"start":{"line":75,"column":6},"end":{"line":75,"column":16}},"43":{"start":{"line":78,"column":2},"end":{"line":78,"column":42}},"44":{"start":{"line":79,"column":2},"end":{"line":79,"column":80}},"45":{"start":{"line":81,"column":2},"end":{"line":81,"column":64}},"46":{"start":{"line":82,"column":18},"end":{"line":82,"column":28}},"47":{"start":{"line":83,"column":2},"end":{"line":85,"column":3}},"48":{"start":{"line":87,"column":2},"end":{"line":87,"column":14}},"49":{"start":{"line":100,"column":2},"end":{"line":103,"column":3}},"50":{"start":{"line":111,"column":2},"end":{"line":123,"column":3}},"51":{"start":{"line":113,"column":6},"end":{"line":119,"column":7}},"52":{"start":{"line":120,"column":6},"end":{"line":120,"column":21}},"53":{"start":{"line":121,"column":6},"end":{"line":121,"column":29}},"54":{"start":{"line":127,"column":20},"end":{"line":132,"column":3}},"55":{"start":{"line":133,"column":2},"end":{"line":133,"column":56}},"56":{"start":{"line":133,"column":14},"end":{"line":133,"column":56}},"57":{"start":{"line":136,"column":6},"end":{"line":136,"column":66}},"58":{"start":{"line":137,"column":2},"end":{"line":137,"column":16}},"59":{"start":{"line":140,"column":17},"end":{"line":140,"column":18}},"60":{"start":{"line":149,"column":2},"end":{"line":178,"column":3}},"61":{"start":{"line":150,"column":30},"end":{"line":156,"column":5}},"62":{"start":{"line":157,"column":4},"end":{"line":157,"column":79}},"63":{"start":{"line":159,"column":4},"end":{"line":159,"column":21}},"64":{"start":{"line":160,"column":4},"end":{"line":175,"column":5}},"65":{"start":{"line":166,"column":6},"end":{"line":173,"column":7}},"66":{"start":{"line":174,"column":6},"end":{"line":174,"column":12}},"67":{"start":{"line":177,"column":4},"end":{"line":177,"column":13}},"68":{"start":{"line":182,"column":20},"end":{"line":187,"column":3}},"69":{"start":{"line":191,"column":6},"end":{"line":191,"column":66}},"70":{"start":{"line":193,"column":25},"end":{"line":193,"column":26}},"71":{"start":{"line":194,"column":2},"end":{"line":197,"column":3}},"72":{"start":{"line":195,"column":21},"end":{"line":195,"column":31}},"73":{"start":{"line":196,"column":4},"end":{"line":196,"column":41}},"74":{"start":{"line":198,"column":2},"end":{"line":198,"column":25}},"75":{"start":{"line":213,"column":6},"end":{"line":213,"column":12}},"76":{"start":{"line":214,"column":17},"end":{"line":214,"column":44}},"77":{"start":{"line":215,"column":23},"end":{"line":215,"column":73}},"78":{"start":{"line":216,"column":2},"end":{"line":222,"column":3}},"79":{"start":{"line":223,"column":2},"end":{"line":223,"column":17}},"80":{"start":{"line":224,"column":2},"end":{"line":224,"column":25}},"81":{"start":{"line":227,"column":0},"end":{"line":229,"column":1}}},"fnMap":{"0":{"name":"(anonymous_0)","decl":{"start":{"line":10,"column":36},"end":{"line":10,"column":37}},"loc":{"start":{"line":11,"column":2},"end":{"line":13,"column":3}},"line":11},"1":{"name":"generateDiscountCodes","decl":{"start":{"line":16,"column":15},"end":{"line":16,"column":36}},"loc":{"start":{"line":19,"column":2},"end":{"line":88,"column":1}},"line":19},"2":{"name":"fillFromPreviousItems","decl":{"start":{"line":90,"column":9},"end":{"line":90,"column":30}},"loc":{"start":{"line":94,"column":2},"end":{"line":104,"column":1}},"line":94},"3":{"name":"executeBatch","decl":{"start":{"line":106,"column":15},"end":{"line":106,"column":27}},"loc":{"start":{"line":110,"column":2},"end":{"line":124,"column":1}},"line":110},"4":{"name":"(anonymous_4)","decl":{"start":{"line":112,"column":14},"end":{"line":112,"column":15}},"loc":{"start":{"line":112,"column":64},"end":{"line":122,"column":5}},"line":112},"5":{"name":"fetchCartDiscounts","decl":{"start":{"line":126,"column":15},"end":{"line":126,"column":33}},"loc":{"start":{"line":126,"column":65},"end":{"line":138,"column":1}},"line":126},"6":{"name":"buildDraftAndCreateDiscountCode","decl":{"start":{"line":141,"column":15},"end":{"line":141,"column":46}},"loc":{"start":{"line":148,"column":2},"end":{"line":179,"column":1}},"line":148},"7":{"name":"fetchLastDiscountCode","decl":{"start":{"line":181,"column":15},"end":{"line":181,"column":36}},"loc":{"start":{"line":181,"column":39},"end":{"line":199,"column":1}},"line":181},"8":{"name":"createLastDiscountCode","decl":{"start":{"line":201,"column":15},"end":{"line":201,"column":37}},"loc":{"start":{"line":206,"column":2},"end":{"line":225,"column":1}},"line":206}},"branchMap":{"0":{"loc":{"start":{"line":17,"column":2},"end":{"line":17,"column":17}},"type":"default-arg","locations":[{"start":{"line":17,"column":14},"end":{"line":17,"column":17}}],"line":17},"1":{"loc":{"start":{"line":18,"column":2},"end":{"line":18,"column":29}},"type":"default-arg","locations":[{"start":{"line":18,"column":26},"end":{"line":18,"column":29}}],"line":18},"2":{"loc":{"start":{"line":24,"column":2},"end":{"line":24,"column":52}},"type":"if","locations":[{"start":{"line":24,"column":2},"end":{"line":24,"column":52}},{"start":{"line":24,"column":2},"end":{"line":24,"column":52}}],"line":24},"3":{"loc":{"start":{"line":31,"column":2},"end":{"line":33,"column":3}},"type":"if","locations":[{"start":{"line":31,"column":2},"end":{"line":33,"column":3}},{"start":{"line":31,"column":2},"end":{"line":33,"column":3}}],"line":31},"4":{"loc":{"start":{"line":51,"column":4},"end":{"line":70,"column":5}},"type":"if","locations":[{"start":{"line":51,"column":4},"end":{"line":70,"column":5}},{"start":{"line":51,"column":4},"end":{"line":70,"column":5}}],"line":51},"5":{"loc":{"start":{"line":51,"column":8},"end":{"line":51,"column":72}},"type":"binary-expr","locations":[{"start":{"line":51,"column":8},"end":{"line":51,"column":31}},{"start":{"line":51,"column":35},"end":{"line":51,"column":72}}],"line":51},"6":{"loc":{"start":{"line":58,"column":6},"end":{"line":69,"column":7}},"type":"if","locations":[{"start":{"line":58,"column":6},"end":{"line":69,"column":7}},{"start":{"line":58,"column":6},"end":{"line":69,"column":7}}],"line":58},"7":{"loc":{"start":{"line":60,"column":13},"end":{"line":69,"column":7}},"type":"if","locations":[{"start":{"line":60,"column":13},"end":{"line":69,"column":7}},{"start":{"line":60,"column":13},"end":{"line":69,"column":7}}],"line":60},"8":{"loc":{"start":{"line":73,"column":4},"end":{"line":76,"column":5}},"type":"if","locations":[{"start":{"line":73,"column":4},"end":{"line":76,"column":5}},{"start":{"line":73,"column":4},"end":{"line":76,"column":5}}],"line":73},"9":{"loc":{"start":{"line":133,"column":2},"end":{"line":133,"column":56}},"type":"if","locations":[{"start":{"line":133,"column":2},"end":{"line":133,"column":56}},{"start":{"line":133,"column":2},"end":{"line":133,"column":56}}],"line":133},"10":{"loc":{"start":{"line":147,"column":2},"end":{"line":147,"column":18}},"type":"default-arg","locations":[{"start":{"line":147,"column":17},"end":{"line":147,"column":18}}],"line":147},"11":{"loc":{"start":{"line":160,"column":4},"end":{"line":175,"column":5}},"type":"if","locations":[{"start":{"line":160,"column":4},"end":{"line":175,"column":5}},{"start":{"line":160,"column":4},"end":{"line":175,"column":5}}],"line":160},"12":{"loc":{"start":{"line":161,"column":6},"end":{"line":164,"column":30}},"type":"binary-expr","locations":[{"start":{"line":161,"column":6},"end":{"line":161,"column":29}},{"start":{"line":162,"column":7},"end":{"line":162,"column":29}},{"start":{"line":163,"column":8},"end":{"line":163,"column":30}},{"start":{"line":164,"column":8},"end":{"line":164,"column":29}}],"line":161},"13":{"loc":{"start":{"line":194,"column":2},"end":{"line":197,"column":3}},"type":"if","locations":[{"start":{"line":194,"column":2},"end":{"line":197,"column":3}},{"start":{"line":194,"column":2},"end":{"line":197,"column":3}}],"line":194},"14":{"loc":{"start":{"line":194,"column":6},"end":{"line":194,"column":46}},"type":"binary-expr","locations":[{"start":{"line":194,"column":6},"end":{"line":194,"column":24}},{"start":{"line":194,"column":28},"end":{"line":194,"column":46}}],"line":194}},"s":{"0":1,"1":1,"2":1,"3":1,"4":1,"5":1,"6":1,"7":1,"8":1,"9":10,"10":6,"11":6,"12":6,"13":6,"14":3,"15":3,"16":3,"17":3,"18":3,"19":1,"20":2,"21":2,"22":2,"23":2,"24":2,"25":2,"26":2,"27":2,"28":28,"29":28,"30":28,"31":0,"32":0,"33":0,"34":0,"35":0,"36":0,"37":0,"38":0,"39":28,"40":28,"41":0,"42":0,"43":2,"44":1,"45":1,"46":1,"47":1,"48":1,"49":0,"50":2,"51":28,"52":9,"53":9,"54":3,"55":3,"56":0,"57":3,"58":3,"59":1,"60":124,"61":124,"62":124,"63":114,"64":114,"65":95,"66":0,"67":19,"68":2,"69":2,"70":2,"71":2,"72":1,"73":1,"74":2,"75":1,"76":1,"77":1,"78":1,"79":1,"80":1,"81":1},"f":{"0":10,"1":6,"2":0,"3":2,"4":28,"5":3,"6":124,"7":2,"8":1},"b":{"0":[6],"1":[6],"2":[3,3],"3":[1,2],"4":[0,28],"5":[28,0],"6":[0,0],"7":[0,0],"8":[0,28],"9":[0,3],"10":[29],"11":[95,19],"12":[114,95,0,0],"13":[1,1],"14":[2,2]},"_coverageSchema":"1a1c01bbd47fc00a2c39e90264f33305004495a9","hash":"7b43490184c985310bd8ac91d49e45126273d727","contentHash":"2ac2512f6c36776aa8bfed46afd1baf2344da7395ef3623887e1fe9e2f5c39ab"},"/Users/lisboa/Downloads/commercetools-api-load-testing/data-generation/src/discount-codes/draft-builder.js":{"path":"/Users/lisboa/Downloads/commercetools-api-load-testing/data-generation/src/discount-codes/draft-builder.js","statementMap":{"0":{"start":{"line":1,"column":40},"end":{"line":1,"column":60}},"1":{"start":{"line":10,"column":28},"end":{"line":21,"column":3}},"2":{"start":{"line":22,"column":2},"end":{"line":24,"column":3}},"3":{"start":{"line":23,"column":4},"end":{"line":23,"column":51}},"4":{"start":{"line":25,"column":2},"end":{"line":27,"column":3}},"5":{"start":{"line":26,"column":4},"end":{"line":26,"column":77}},"6":{"start":{"line":28,"column":2},"end":{"line":28,"column":26}},"7":{"start":{"line":32,"column":2},"end":{"line":37,"column":3}},"8":{"start":{"line":40,"column":0},"end":{"line":42,"column":1}}},"fnMap":{"0":{"name":"buildDiscountCodeDraft","decl":{"start":{"line":3,"column":9},"end":{"line":3,"column":31}},"loc":{"start":{"line":9,"column":2},"end":{"line":29,"column":1}},"line":9},"1":{"name":"buildCartDiscountReference","decl":{"start":{"line":31,"column":9},"end":{"line":31,"column":35}},"loc":{"start":{"line":31,"column":44},"end":{"line":38,"column":1}},"line":31}},"branchMap":{"0":{"loc":{"start":{"line":22,"column":2},"end":{"line":24,"column":3}},"type":"if","locations":[{"start":{"line":22,"column":2},"end":{"line":24,"column":3}},{"start":{"line":22,"column":2},"end":{"line":24,"column":3}}],"line":22},"1":{"loc":{"start":{"line":25,"column":2},"end":{"line":27,"column":3}},"type":"if","locations":[{"start":{"line":25,"column":2},"end":{"line":27,"column":3}},{"start":{"line":25,"column":2},"end":{"line":27,"column":3}}],"line":25}},"s":{"0":1,"1":124,"2":124,"3":0,"4":124,"5":124,"6":124,"7":124,"8":1},"f":{"0":124,"1":124},"b":{"0":[0,124],"1":[124,0]},"_coverageSchema":"1a1c01bbd47fc00a2c39e90264f33305004495a9","hash":"8e0e6b8ab64273f18fbcfd7b3113d52cda335bc2","contentHash":"ccb2b9eb2e811f25dd106d89847f3ab8d82defae8f57ae7ee6027cdd973d23be"},"/Users/lisboa/Downloads/commercetools-api-load-testing/data-generation/src/product-types/importer.js":{"path":"/Users/lisboa/Downloads/commercetools-api-load-testing/data-generation/src/product-types/importer.js","statementMap":{"0":{"start":{"line":1,"column":20},"end":{"line":1,"column":46}},"1":{"start":{"line":2,"column":36},"end":{"line":2,"column":63}},"2":{"start":{"line":3,"column":20},"end":{"line":3,"column":40}},"3":{"start":{"line":4,"column":15},"end":{"line":4,"column":47}},"4":{"start":{"line":5,"column":27},"end":{"line":5,"column":50}},"5":{"start":{"line":6,"column":34},"end":{"line":6,"column":60}},"6":{"start":{"line":7,"column":23},"end":{"line":7,"column":43}},"7":{"start":{"line":8,"column":15},"end":{"line":8,"column":39}},"8":{"start":{"line":10,"column":20},"end":{"line":14,"column":1}},"9":{"start":{"line":11,"column":2},"end":{"line":13,"column":3}},"10":{"start":{"line":17,"column":20},"end":{"line":17,"column":30}},"11":{"start":{"line":19,"column":17},"end":{"line":19,"column":48}},"12":{"start":{"line":20,"column":27},"end":{"line":20,"column":57}},"13":{"start":{"line":21,"column":2},"end":{"line":21,"column":52}},"14":{"start":{"line":21,"column":29},"end":{"line":21,"column":52}},"15":{"start":{"line":23,"column":2},"end":{"line":23,"column":72}},"16":{"start":{"line":24,"column":16},"end":{"line":26,"column":3}},"17":{"start":{"line":28,"column":21},"end":{"line":28,"column":27}},"18":{"start":{"line":29,"column":2},"end":{"line":29,"column":30}},"19":{"start":{"line":31,"column":14},"end":{"line":31,"column":16}},"20":{"start":{"line":32,"column":2},"end":{"line":39,"column":3}},"21":{"start":{"line":32,"column":21},"end":{"line":32,"column":22}},"22":{"start":{"line":33,"column":19},"end":{"line":33,"column":47}},"23":{"start":{"line":34,"column":4},"end":{"line":34,"column":26}},"24":{"start":{"line":35,"column":4},"end":{"line":38,"column":5}},"25":{"start":{"line":36,"column":6},"end":{"line":36,"column":46}},"26":{"start":{"line":37,"column":6},"end":{"line":37,"column":16}},"27":{"start":{"line":40,"column":2},"end":{"line":40,"column":42}},"28":{"start":{"line":42,"column":2},"end":{"line":42,"column":63}},"29":{"start":{"line":43,"column":18},"end":{"line":43,"column":28}},"30":{"start":{"line":44,"column":2},"end":{"line":46,"column":3}},"31":{"start":{"line":48,"column":2},"end":{"line":48,"column":14}},"32":{"start":{"line":52,"column":2},"end":{"line":58,"column":3}},"33":{"start":{"line":54,"column":6},"end":{"line":54,"column":58}},"34":{"start":{"line":55,"column":6},"end":{"line":55,"column":21}},"35":{"start":{"line":56,"column":6},"end":{"line":56,"column":29}},"36":{"start":{"line":61,"column":17},"end":{"line":61,"column":18}},"37":{"start":{"line":67,"column":2},"end":{"line":83,"column":3}},"38":{"start":{"line":68,"column":29},"end":{"line":68,"column":66}},"39":{"start":{"line":69,"column":4},"end":{"line":69,"column":77}},"40":{"start":{"line":71,"column":4},"end":{"line":71,"column":21}},"41":{"start":{"line":72,"column":4},"end":{"line":80,"column":5}},"42":{"start":{"line":78,"column":6},"end":{"line":78,"column":74}},"43":{"start":{"line":79,"column":6},"end":{"line":79,"column":12}},"44":{"start":{"line":82,"column":4},"end":{"line":82,"column":13}},"45":{"start":{"line":86,"column":0},"end":{"line":88,"column":1}}},"fnMap":{"0":{"name":"(anonymous_0)","decl":{"start":{"line":10,"column":36},"end":{"line":10,"column":37}},"loc":{"start":{"line":11,"column":2},"end":{"line":13,"column":3}},"line":11},"1":{"name":"generateProductTypes","decl":{"start":{"line":16,"column":15},"end":{"line":16,"column":35}},"loc":{"start":{"line":16,"column":53},"end":{"line":49,"column":1}},"line":16},"2":{"name":"executeBatch","decl":{"start":{"line":51,"column":15},"end":{"line":51,"column":27}},"loc":{"start":{"line":51,"column":50},"end":{"line":59,"column":1}},"line":51},"3":{"name":"(anonymous_3)","decl":{"start":{"line":53,"column":14},"end":{"line":53,"column":15}},"loc":{"start":{"line":53,"column":36},"end":{"line":57,"column":5}},"line":53},"4":{"name":"buildDraftAndCreateProductType","decl":{"start":{"line":62,"column":15},"end":{"line":62,"column":45}},"loc":{"start":{"line":66,"column":2},"end":{"line":84,"column":1}},"line":66}},"branchMap":{"0":{"loc":{"start":{"line":16,"column":36},"end":{"line":16,"column":51}},"type":"default-arg","locations":[{"start":{"line":16,"column":48},"end":{"line":16,"column":51}}],"line":16},"1":{"loc":{"start":{"line":21,"column":2},"end":{"line":21,"column":52}},"type":"if","locations":[{"start":{"line":21,"column":2},"end":{"line":21,"column":52}},{"start":{"line":21,"column":2},"end":{"line":21,"column":52}}],"line":21},"2":{"loc":{"start":{"line":35,"column":4},"end":{"line":38,"column":5}},"type":"if","locations":[{"start":{"line":35,"column":4},"end":{"line":38,"column":5}},{"start":{"line":35,"column":4},"end":{"line":38,"column":5}}],"line":35},"3":{"loc":{"start":{"line":65,"column":2},"end":{"line":65,"column":18}},"type":"default-arg","locations":[{"start":{"line":65,"column":17},"end":{"line":65,"column":18}}],"line":65},"4":{"loc":{"start":{"line":72,"column":4},"end":{"line":80,"column":5}},"type":"if","locations":[{"start":{"line":72,"column":4},"end":{"line":80,"column":5}},{"start":{"line":72,"column":4},"end":{"line":80,"column":5}}],"line":72},"5":{"loc":{"start":{"line":73,"column":6},"end":{"line":76,"column":30}},"type":"binary-expr","locations":[{"start":{"line":73,"column":6},"end":{"line":73,"column":29}},{"start":{"line":74,"column":7},"end":{"line":74,"column":29}},{"start":{"line":75,"column":8},"end":{"line":75,"column":30}},{"start":{"line":76,"column":8},"end":{"line":76,"column":29}}],"line":73}},"s":{"0":1,"1":1,"2":1,"3":1,"4":1,"5":1,"6":1,"7":1,"8":1,"9":10,"10":7,"11":7,"12":7,"13":7,"14":4,"15":3,"16":3,"17":3,"18":3,"19":3,"20":3,"21":3,"22":15,"23":15,"24":15,"25":0,"26":0,"27":3,"28":2,"29":2,"30":2,"31":2,"32":3,"33":15,"34":10,"35":10,"36":1,"37":40,"38":40,"39":40,"40":30,"41":30,"42":25,"43":0,"44":5,"45":1},"f":{"0":10,"1":7,"2":3,"3":15,"4":40},"b":{"0":[7],"1":[4,3],"2":[0,15],"3":[15],"4":[25,5],"5":[30,25,0,0]},"_coverageSchema":"1a1c01bbd47fc00a2c39e90264f33305004495a9","hash":"62865251629aa2c0fd748d5782f72d1e4b6125db","contentHash":"7261f1deb0e2be5dd0356245eb57eb7467e711c4e881c385ea8e3bea39a5c7e0"},"/Users/lisboa/Downloads/commercetools-api-load-testing/data-generation/src/product-types/draft-builder.js":{"path":"/Users/lisboa/Downloads/commercetools-api-load-testing/data-generation/src/product-types/draft-builder.js","statementMap":{"0":{"start":{"line":6,"column":4},"end":{"line":6,"column":24}},"1":{"start":{"line":8,"column":26},"end":{"line":20,"column":1}},"2":{"start":{"line":26,"column":21},"end":{"line":29,"column":3}},"3":{"start":{"line":30,"column":2},"end":{"line":35,"column":3}},"4":{"start":{"line":42,"column":31},"end":{"line":52,"column":3}},"5":{"start":{"line":45,"column":4},"end":{"line":51,"column":5}},"6":{"start":{"line":53,"column":2},"end":{"line":64,"column":3}},"7":{"start":{"line":74,"column":2},"end":{"line":108,"column":3}},"8":{"start":{"line":76,"column":6},"end":{"line":82,"column":8}},"9":{"start":{"line":84,"column":6},"end":{"line":92,"column":8}},"10":{"start":{"line":94,"column":6},"end":{"line":99,"column":8}},"11":{"start":{"line":101,"column":6},"end":{"line":107,"column":8}},"12":{"start":{"line":120,"column":31},"end":{"line":120,"column":33}},"13":{"start":{"line":121,"column":2},"end":{"line":151,"column":3}},"14":{"start":{"line":121,"column":15},"end":{"line":121,"column":16}},"15":{"start":{"line":122,"column":19},"end":{"line":122,"column":21}},"16":{"start":{"line":124,"column":19},"end":{"line":124,"column":53}},"17":{"start":{"line":124,"column":26},"end":{"line":124,"column":53}},"18":{"start":{"line":125,"column":4},"end":{"line":136,"column":5}},"19":{"start":{"line":125,"column":17},"end":{"line":125,"column":18}},"20":{"start":{"line":126,"column":18},"end":{"line":126,"column":27}},"21":{"start":{"line":127,"column":20},"end":{"line":127,"column":29}},"22":{"start":{"line":128,"column":6},"end":{"line":135,"column":7}},"23":{"start":{"line":129,"column":8},"end":{"line":132,"column":10}},"24":{"start":{"line":134,"column":8},"end":{"line":134,"column":35}},"25":{"start":{"line":138,"column":21},"end":{"line":138,"column":47}},"26":{"start":{"line":139,"column":17},"end":{"line":139,"column":61}},"27":{"start":{"line":140,"column":4},"end":{"line":150,"column":6}},"28":{"start":{"line":152,"column":2},"end":{"line":152,"column":29}},"29":{"start":{"line":161,"column":31},"end":{"line":161,"column":33}},"30":{"start":{"line":162,"column":2},"end":{"line":189,"column":3}},"31":{"start":{"line":162,"column":15},"end":{"line":162,"column":16}},"32":{"start":{"line":163,"column":17},"end":{"line":163,"column":37}},"33":{"start":{"line":166,"column":6},"end":{"line":166,"column":70}},"34":{"start":{"line":167,"column":34},"end":{"line":176,"column":8}},"35":{"start":{"line":178,"column":4},"end":{"line":188,"column":6}},"36":{"start":{"line":191,"column":2},"end":{"line":191,"column":29}},"37":{"start":{"line":201,"column":31},"end":{"line":201,"column":33}},"38":{"start":{"line":202,"column":2},"end":{"line":214,"column":3}},"39":{"start":{"line":202,"column":15},"end":{"line":202,"column":16}},"40":{"start":{"line":203,"column":17},"end":{"line":203,"column":50}},"41":{"start":{"line":204,"column":4},"end":{"line":213,"column":6}},"42":{"start":{"line":216,"column":2},"end":{"line":216,"column":29}},"43":{"start":{"line":228,"column":31},"end":{"line":228,"column":33}},"44":{"start":{"line":229,"column":18},"end":{"line":229,"column":79}},"45":{"start":{"line":230,"column":2},"end":{"line":245,"column":3}},"46":{"start":{"line":230,"column":15},"end":{"line":230,"column":16}},"47":{"start":{"line":231,"column":26},"end":{"line":231,"column":63}},"48":{"start":{"line":232,"column":25},"end":{"line":232,"column":50}},"49":{"start":{"line":233,"column":4},"end":{"line":244,"column":5}},"50":{"start":{"line":246,"column":2},"end":{"line":246,"column":29}},"51":{"start":{"line":250,"column":23},"end":{"line":250,"column":50}},"52":{"start":{"line":252,"column":4},"end":{"line":252,"column":75}},"53":{"start":{"line":252,"column":36},"end":{"line":252,"column":61}},"54":{"start":{"line":254,"column":4},"end":{"line":254,"column":64}},"55":{"start":{"line":255,"column":2},"end":{"line":257,"column":3}},"56":{"start":{"line":256,"column":4},"end":{"line":256,"column":24}},"57":{"start":{"line":258,"column":2},"end":{"line":260,"column":43}},"58":{"start":{"line":268,"column":17},"end":{"line":268,"column":19}},"59":{"start":{"line":269,"column":18},"end":{"line":269,"column":27}},"60":{"start":{"line":270,"column":2},"end":{"line":272,"column":4}},"61":{"start":{"line":271,"column":4},"end":{"line":271,"column":23}},"62":{"start":{"line":273,"column":2},"end":{"line":278,"column":3}},"63":{"start":{"line":274,"column":24},"end":{"line":274,"column":43}},"64":{"start":{"line":275,"column":4},"end":{"line":277,"column":5}},"65":{"start":{"line":276,"column":6},"end":{"line":276,"column":30}},"66":{"start":{"line":279,"column":2},"end":{"line":284,"column":3}},"67":{"start":{"line":283,"column":4},"end":{"line":283,"column":31}},"68":{"start":{"line":285,"column":2},"end":{"line":285,"column":15}},"69":{"start":{"line":288,"column":0},"end":{"line":290,"column":1}}},"fnMap":{"0":{"name":"buildProductTypeDraft","decl":{"start":{"line":22,"column":9},"end":{"line":22,"column":30}},"loc":{"start":{"line":25,"column":2},"end":{"line":36,"column":1}},"line":25},"1":{"name":"buildRandomAttributeDefinitionDrafts","decl":{"start":{"line":38,"column":9},"end":{"line":38,"column":45}},"loc":{"start":{"line":41,"column":2},"end":{"line":65,"column":1}},"line":41},"2":{"name":"(anonymous_2)","decl":{"start":{"line":44,"column":12},"end":{"line":44,"column":13}},"loc":{"start":{"line":45,"column":4},"end":{"line":51,"column":5}},"line":45},"3":{"name":"buildRandomAttributeDefinitionDraft","decl":{"start":{"line":67,"column":9},"end":{"line":67,"column":44}},"loc":{"start":{"line":73,"column":2},"end":{"line":109,"column":1}},"line":73},"4":{"name":"buildEnumAttributeDefinitions","decl":{"start":{"line":111,"column":9},"end":{"line":111,"column":38}},"loc":{"start":{"line":119,"column":3},"end":{"line":153,"column":1}},"line":119},"5":{"name":"(anonymous_5)","decl":{"start":{"line":124,"column":19},"end":{"line":124,"column":20}},"loc":{"start":{"line":124,"column":26},"end":{"line":124,"column":53}},"line":124},"6":{"name":"buildSetAttributeDefinitions","decl":{"start":{"line":155,"column":9},"end":{"line":155,"column":37}},"loc":{"start":{"line":160,"column":3},"end":{"line":192,"column":1}},"line":160},"7":{"name":"buildAttributeDefinitions","decl":{"start":{"line":194,"column":9},"end":{"line":194,"column":34}},"loc":{"start":{"line":200,"column":3},"end":{"line":217,"column":1}},"line":200},"8":{"name":"addMoreAttributeDefinitionsRandomly","decl":{"start":{"line":219,"column":9},"end":{"line":219,"column":44}},"loc":{"start":{"line":227,"column":2},"end":{"line":247,"column":1}},"line":227},"9":{"name":"findNextAttributeType","decl":{"start":{"line":249,"column":9},"end":{"line":249,"column":30}},"loc":{"start":{"line":249,"column":47},"end":{"line":261,"column":1}},"line":249},"10":{"name":"(anonymous_10)","decl":{"start":{"line":252,"column":29},"end":{"line":252,"column":30}},"loc":{"start":{"line":252,"column":36},"end":{"line":252,"column":61}},"line":252},"11":{"name":"generateLabelLocales","decl":{"start":{"line":263,"column":9},"end":{"line":263,"column":29}},"loc":{"start":{"line":267,"column":2},"end":{"line":286,"column":1}},"line":267},"12":{"name":"(anonymous_12)","decl":{"start":{"line":270,"column":26},"end":{"line":270,"column":27}},"loc":{"start":{"line":270,"column":38},"end":{"line":272,"column":3}},"line":270}},"branchMap":{"0":{"loc":{"start":{"line":40,"column":29},"end":{"line":40,"column":49}},"type":"default-arg","locations":[{"start":{"line":40,"column":47},"end":{"line":40,"column":49}}],"line":40},"1":{"loc":{"start":{"line":40,"column":51},"end":{"line":40,"column":70}},"type":"default-arg","locations":[{"start":{"line":40,"column":68},"end":{"line":40,"column":70}}],"line":40},"2":{"loc":{"start":{"line":74,"column":2},"end":{"line":108,"column":3}},"type":"switch","locations":[{"start":{"line":75,"column":4},"end":{"line":82,"column":8}},{"start":{"line":83,"column":4},"end":{"line":92,"column":8}},{"start":{"line":93,"column":4},"end":{"line":99,"column":8}},{"start":{"line":100,"column":4},"end":{"line":107,"column":8}}],"line":74},"3":{"loc":{"start":{"line":116,"column":2},"end":{"line":116,"column":19}},"type":"default-arg","locations":[{"start":{"line":116,"column":18},"end":{"line":116,"column":19}}],"line":116},"4":{"loc":{"start":{"line":117,"column":2},"end":{"line":117,"column":22}},"type":"default-arg","locations":[{"start":{"line":117,"column":20},"end":{"line":117,"column":22}}],"line":117},"5":{"loc":{"start":{"line":128,"column":6},"end":{"line":135,"column":7}},"type":"if","locations":[{"start":{"line":128,"column":6},"end":{"line":135,"column":7}},{"start":{"line":128,"column":6},"end":{"line":135,"column":7}}],"line":128},"6":{"loc":{"start":{"line":138,"column":21},"end":{"line":138,"column":47}},"type":"cond-expr","locations":[{"start":{"line":138,"column":31},"end":{"line":138,"column":38}},{"start":{"line":138,"column":41},"end":{"line":138,"column":47}}],"line":138},"7":{"loc":{"start":{"line":255,"column":2},"end":{"line":257,"column":3}},"type":"if","locations":[{"start":{"line":255,"column":2},"end":{"line":257,"column":3}},{"start":{"line":255,"column":2},"end":{"line":257,"column":3}}],"line":255},"8":{"loc":{"start":{"line":258,"column":9},"end":{"line":260,"column":43}},"type":"cond-expr","locations":[{"start":{"line":259,"column":6},"end":{"line":259,"column":19}},{"start":{"line":260,"column":6},"end":{"line":260,"column":43}}],"line":258},"9":{"loc":{"start":{"line":264,"column":2},"end":{"line":264,"column":24}},"type":"default-arg","locations":[{"start":{"line":264,"column":23},"end":{"line":264,"column":24}}],"line":264},"10":{"loc":{"start":{"line":265,"column":2},"end":{"line":265,"column":22}},"type":"default-arg","locations":[{"start":{"line":265,"column":20},"end":{"line":265,"column":22}}],"line":265},"11":{"loc":{"start":{"line":275,"column":4},"end":{"line":277,"column":5}},"type":"if","locations":[{"start":{"line":275,"column":4},"end":{"line":277,"column":5}},{"start":{"line":275,"column":4},"end":{"line":277,"column":5}}],"line":275}},"s":{"0":1,"1":1,"2":40,"3":40,"4":40,"5":385,"6":40,"7":809,"8":70,"9":76,"10":62,"11":601,"12":146,"13":146,"14":146,"15":601,"16":601,"17":26036,"18":601,"19":601,"20":13018,"21":13018,"22":13018,"23":9204,"24":3814,"25":601,"26":601,"27":601,"28":146,"29":62,"30":62,"31":62,"32":132,"33":132,"34":132,"35":132,"36":62,"37":601,"38":601,"39":601,"40":636,"41":636,"42":601,"43":40,"44":40,"45":40,"46":40,"47":292,"48":292,"49":292,"50":40,"51":292,"52":292,"53":3212,"54":292,"55":292,"56":169,"57":123,"58":10573,"59":10573,"60":10573,"61":0,"62":10573,"63":10573,"64":10573,"65":10573,"66":10573,"67":10573,"68":10573,"69":1},"f":{"0":40,"1":40,"2":385,"3":809,"4":146,"5":26036,"6":62,"7":601,"8":40,"9":292,"10":3212,"11":10573,"12":0},"b":{"0":[40],"1":[5],"2":[70,76,62,601],"3":[146],"4":[0],"5":[9204,3814],"6":[216,385],"7":[169,123],"8":[123,0],"9":[1369],"10":[0],"11":[10573,0]},"_coverageSchema":"1a1c01bbd47fc00a2c39e90264f33305004495a9","hash":"c87f209b992de9b8c5a0653d87d637dd49a57828","contentHash":"c824c1794b6e9d3119b7a444edaa5324c80b2d3c959e6383d500ebd47139d155"},"/Users/lisboa/Downloads/commercetools-api-load-testing/data-generation/src/products/draft-builder.js":{"path":"/Users/lisboa/Downloads/commercetools-api-load-testing/data-generation/src/products/draft-builder.js","statementMap":{"0":{"start":{"line":1,"column":18},"end":{"line":1,"column":45}},"1":{"start":{"line":11,"column":4},"end":{"line":11,"column":24}},"2":{"start":{"line":20,"column":19},"end":{"line":20,"column":75}},"3":{"start":{"line":21,"column":24},"end":{"line":21,"column":40}},"4":{"start":{"line":22,"column":2},"end":{"line":38,"column":3}},"5":{"start":{"line":42,"column":2},"end":{"line":46,"column":5}},"6":{"start":{"line":42,"column":28},"end":{"line":46,"column":3}},"7":{"start":{"line":57,"column":30},"end":{"line":57,"column":33}},"8":{"start":{"line":58,"column":17},"end":{"line":58,"column":19}},"9":{"start":{"line":59,"column":25},"end":{"line":59,"column":78}},"10":{"start":{"line":60,"column":21},"end":{"line":60,"column":67}},"11":{"start":{"line":61,"column":23},"end":{"line":64,"column":3}},"12":{"start":{"line":65,"column":2},"end":{"line":76,"column":3}},"13":{"start":{"line":65,"column":15},"end":{"line":65,"column":16}},"14":{"start":{"line":66,"column":18},"end":{"line":74,"column":5}},"15":{"start":{"line":75,"column":4},"end":{"line":75,"column":22}},"16":{"start":{"line":77,"column":2},"end":{"line":77,"column":15}},"17":{"start":{"line":81,"column":23},"end":{"line":81,"column":32}},"18":{"start":{"line":82,"column":2},"end":{"line":84,"column":4}},"19":{"start":{"line":83,"column":4},"end":{"line":83,"column":33}},"20":{"start":{"line":85,"column":2},"end":{"line":90,"column":3}},"21":{"start":{"line":86,"column":24},"end":{"line":86,"column":43}},"22":{"start":{"line":87,"column":4},"end":{"line":89,"column":5}},"23":{"start":{"line":88,"column":6},"end":{"line":88,"column":35}},"24":{"start":{"line":91,"column":2},"end":{"line":91,"column":21}},"25":{"start":{"line":95,"column":2},"end":{"line":98,"column":3}},"26":{"start":{"line":96,"column":21},"end":{"line":96,"column":55}},"27":{"start":{"line":97,"column":4},"end":{"line":97,"column":31}},"28":{"start":{"line":99,"column":2},"end":{"line":99,"column":29}},"29":{"start":{"line":103,"column":21},"end":{"line":103,"column":23}},"30":{"start":{"line":104,"column":32},"end":{"line":104,"column":65}},"31":{"start":{"line":105,"column":2},"end":{"line":109,"column":4}},"32":{"start":{"line":106,"column":26},"end":{"line":106,"column":50}},"33":{"start":{"line":107,"column":27},"end":{"line":107,"column":61}},"34":{"start":{"line":108,"column":4},"end":{"line":108,"column":78}},"35":{"start":{"line":110,"column":2},"end":{"line":110,"column":19}},"36":{"start":{"line":114,"column":28},"end":{"line":114,"column":46}},"37":{"start":{"line":115,"column":2},"end":{"line":142,"column":3}},"38":{"start":{"line":117,"column":6},"end":{"line":117,"column":32}},"39":{"start":{"line":119,"column":6},"end":{"line":119,"column":29}},"40":{"start":{"line":121,"column":6},"end":{"line":121,"column":30}},"41":{"start":{"line":123,"column":6},"end":{"line":123,"column":42}},"42":{"start":{"line":125,"column":6},"end":{"line":125,"co
[...]
":{"start":{"line":180,"column":9},"end":{"line":180,"column":23}},"loc":{"start":{"line":180,"column":26},"end":{"line":182,"column":1}},"line":180},"19":{"name":"buildDatetimeValue","decl":{"start":{"line":184,"column":9},"end":{"line":184,"column":27}},"loc":{"start":{"line":184,"column":30},"end":{"line":186,"column":1}},"line":184},"20":{"name":"buildSetValue","decl":{"start":{"line":188,"column":9},"end":{"line":188,"column":22}},"loc":{"start":{"line":188,"column":38},"end":{"line":195,"column":1}},"line":188}},"branchMap":{"0":{"loc":{"start":{"line":15,"column":14},"end":{"line":15,"column":33}},"type":"default-arg","locations":[{"start":{"line":15,"column":31},"end":{"line":15,"column":33}}],"line":15},"1":{"loc":{"start":{"line":41,"column":33},"end":{"line":41,"column":44}},"type":"default-arg","locations":[{"start":{"line":41,"column":42},"end":{"line":41,"column":44}}],"line":41},"2":{"loc":{"start":{"line":50,"column":2},"end":{"line":50,"column":9}},"type":"default-arg","locations":[{"start":{"line":50,"column":8},"end":{"line":50,"column":9}}],"line":50},"3":{"loc":{"start":{"line":51,"column":2},"end":{"line":51,"column":9}},"type":"default-arg","locations":[{"start":{"line":51,"column":8},"end":{"line":51,"column":9}}],"line":51},"4":{"loc":{"start":{"line":52,"column":2},"end":{"line":52,"column":24}},"type":"default-arg","locations":[{"start":{"line":52,"column":22},"end":{"line":52,"column":24}}],"line":52},"5":{"loc":{"start":{"line":53,"column":2},"end":{"line":53,"column":17}},"type":"default-arg","locations":[{"start":{"line":53,"column":15},"end":{"line":53,"column":17}}],"line":53},"6":{"loc":{"start":{"line":54,"column":2},"end":{"line":54,"column":19}},"type":"default-arg","locations":[{"start":{"line":54,"column":18},"end":{"line":54,"column":19}}],"line":54},"7":{"loc":{"start":{"line":55,"column":2},"end":{"line":55,"column":22}},"type":"default-arg","locations":[{"start":{"line":55,"column":18},"end":{"line":55,"column":22}}],"line":55},"8":{"loc":{"start":{"line":87,"column":4},"end":{"line":89,"column":5}},"type":"if","locations":[{"start":{"line":87,"column":4},"end":{"line":89,"column":5}},{"start":{"line":87,"column":4},"end":{"line":89,"column":5}}],"line":87},"9":{"loc":{"start":{"line":94,"column":26},"end":{"line":94,"column":41}},"type":"default-arg","locations":[{"start":{"line":94,"column":39},"end":{"line":94,"column":41}}],"line":94},"10":{"loc":{"start":{"line":95,"column":2},"end":{"line":98,"column":3}},"type":"if","locations":[{"start":{"line":95,"column":2},"end":{"line":98,"column":3}},{"start":{"line":95,"column":2},"end":{"line":98,"column":3}}],"line":95},"11":{"loc":{"start":{"line":115,"column":2},"end":{"line":142,"column":3}},"type":"switch","locations":[{"start":{"line":116,"column":4},"end":{"line":117,"column":32}},{"start":{"line":118,"column":4},"end":{"line":119,"column":29}},{"start":{"line":120,"column":4},"end":{"line":121,"column":30}},{"start":{"line":122,"column":4},"end":{"line":123,"column":42}},{"start":{"line":124,"column":4},"end":{"line":125,"column":43}},{"start":{"line":126,"column":4},"end":{"line":127,"column":31}},{"start":{"line":128,"column":4},"end":{"line":129,"column":30}},{"start":{"line":130,"column":4},"end":{"line":131,"column":29}},{"start":{"line":132,"column":4},"end":{"line":133,"column":29}},{"start":{"line":134,"column":4},"end":{"line":135,"column":33}},{"start":{"line":136,"column":4},"end":{"line":137,"column":41}},{"start":{"line":138,"column":4},"end":{"line":141,"column":7}}],"line":115}},"s":{"0":1,"1":1,"2":11,"3":10,"4":10,"5":11,"6":31,"7":0,"8":0,"9":0,"10":0,"11":0,"12":0,"13":0,"14":0,"15":0,"16":0,"17":0,"18":0,"19":0,"20":0,"21":0,"22":0,"23":0,"24":0,"25":0,"26":0,"27":0,"28":0,"29":31,"30":31,"31":31,"32":1,"33":1,"34":0,"35":30,"36":1,"37":1,"38":0,"39":0,"40":0,"41":0,"42":0,"43":0,"44":0,"45":0,"46":0,"47":0,"48":0,"49":1,"50":0,"51":0,"52":0,"53":0,"54":0,"55":0,"56":0,"57":0,"58":0,"59":0,"60":0,"61":0,"62":0,"63":0,"64":0,"65":0,"66":0,"67":1},"f":{"0":11,"1":11,"2":31,"3":0,"4":0,"5":0,"6":0,"7":31,"8":1,"9":1,"10":0,"11":0,"12":0,"13":0,"14":0,"15":0,"16":0,"17":0,"18":0,"19":0,"20":0},"b":{"0":[1],"1":[1],"2":[0],"3":[0],"4":[0],"5":[0],"6":[0],"7":[0],"8":[0,0],"9":[0],"10":[0,0],"11":[0,0,0,0,0,0,0,0,0,0,0,1]},"_coverageSchema":"1a1c01bbd47fc00a2c39e90264f33305004495a9","hash":"db775919ebf5c74cc6b6afd9876301ad91a97564","contentHash":"5f96125d821212c688905a7d97ec4ef0e2a9a53d8377cac887ac8e5237af05eb"},"/Users/lisboa/Downloads/commercetools-api-load-testing/data-generation/src/products/importer.js":{"path":"/Users/lisboa/Downloads/commercetools-api-load-testing/data-generation/src/products/importer.js","statementMap":{"0":{"start":{"line":1,"column":20},"end":{"line":1,"column":46}},"1":{"start":{"line":2,"column":32},"end":{"line":2,"column":59}},"2":{"start":{"line":3,"column":38},"end":{"line":3,"column":58}},"3":{"start":{"line":4,"column":15},"end":{"line":4,"column":47}},"4":{"start":{"line":5,"column":37},"end":{"line":5,"column":57}},"5":{"start":{"line":6,"column":27},"end":{"line":6,"column":50}},"6":{"start":{"line":7,"column":30},"end":{"line":7,"column":56}},"7":{"start":{"line":8,"column":15},"end":{"line":8,"column":39}},"8":{"start":{"line":10,"column":20},"end":{"line":14,"column":1}},"9":{"start":{"line":11,"column":2},"end":{"line":13,"column":3}},"10":{"start":{"line":17,"column":20},"end":{"line":17,"column":30}},"11":{"start":{"line":18,"column":17},"end":{"line":18,"column":44}},"12":{"start":{"line":19,"column":27},"end":{"line":19,"column":57}},"13":{"start":{"line":20,"column":2},"end":{"line":20,"column":52}},"14":{"start":{"line":20,"column":29},"end":{"line":20,"column":52}},"15":{"start":{"line":22,"column":2},"end":{"line":22,"column":67}},"16":{"start":{"line":23,"column":21},"end":{"line":23,"column":66}},"17":{"start":{"line":24,"column":2},"end":{"line":26,"column":3}},"18":{"start":{"line":25,"column":4},"end":{"line":25,"column":76}},"19":{"start":{"line":27,"column":24},"end":{"line":27,"column":50}},"20":{"start":{"line":28,"column":2},"end":{"line":30,"column":3}},"21":{"start":{"line":29,"column":4},"end":{"line":29,"column":76}},"22":{"start":{"line":32,"column":16},"end":{"line":34,"column":3}},"23":{"start":{"line":36,"column":21},"end":{"line":36,"column":27}},"24":{"start":{"line":37,"column":2},"end":{"line":37,"column":30}},"25":{"start":{"line":39,"column":16},"end":{"line":39,"column":36}},"26":{"start":{"line":40,"column":33},"end":{"line":40,"column":52}},"27":{"start":{"line":41,"column":31},"end":{"line":41,"column":80}},"28":{"start":{"line":43,"column":14},"end":{"line":43,"column":16}},"29":{"start":{"line":44,"column":2},"end":{"line":81,"column":3}},"30":{"start":{"line":44,"column":21},"end":{"line":44,"column":22}},"31":{"start":{"line":45,"column":19},"end":{"line":45,"column":47}},"32":{"start":{"line":47,"column":24},"end":{"line":47,"column":73}},"33":{"start":{"line":49,"column":4},"end":{"line":68,"column":5}},"34":{"start":{"line":50,"column":34},"end":{"line":53,"column":7}},"35":{"start":{"line":54,"column":6},"end":{"line":54,"column":60}},"36":{"start":{"line":56,"column":6},"end":{"line":67,"column":7}},"37":{"start":{"line":57,"column":8},"end":{"line":57,"column":38}},"38":{"start":{"line":58,"column":13},"end":{"line":67,"column":7}},"39":{"start":{"line":59,"column":8},"end":{"line":63,"column":9}},"40":{"start":{"line":64,"column":8},"end":{"line":64,"column":38}},"41":{"start":{"line":66,"column":8},"end":{"line":66,"column":42}},"42":{"start":{"line":70,"column":24},"end":{"line":70,"column":75}},"43":{"start":{"line":72,"column":17},"end":{"line":72,"column":55}},"44":{"start":{"line":73,"column":4},"end":{"line":73,"column":35}},"45":{"start":{"line":75,"column":4},"end":{"line":75,"column":58}},"46":{"start":{"line":77,"column":4},"end":{"line":80,"column":5}},"47":{"start":{"line":78,"column":6},"end":{"line":78,"column":46}},"48":{"start":{"line":79,"column":6},"end":{"line":79,"column":16}},"49":{"start":{"line":82,"column":2},"end":{"line":82,"column":42}},"50":{"start":{"line":83,"column":2},"end":{"line":83,"column":78}},"51":{"start":{"line":85,"column":2},"end":{"line":85,"column":59}},"52":{"start":{"line":86,"column":18},"end":{"line":86,"column":28}},"53":{"start":{"line":87,"column":2},"end":{"line":89,"column":3}},"54":{"start":{"line":91,"column":2},"end":{"line":91,"column":14}},"55":{"start":{"line":104,"column":2},"end":{"line":107,"column":3}},"56":{"start":{"line":111,"column":2},"end":{"line":123,"column":3}},"57":{"start":{"line":113,"column":6},"end":{"line":119,"column":7}},"58":{"start":{"line":120,"column":6},"end":{"line":120,"column":21}},"59":{"start":{"line":121,"column":6},"end":{"line":121,"column":29}},"60":{"start":{"line":126,"column":17},"end":{"line":126,"column":18}},"61":{"start":{"line":135,"column":2},"end":{"line":164,"column":3}},"62":{"start":{"line":136,"column":25},"end":{"line":142,"column":5}},"63":{"start":{"line":143,"column":4},"end":{"line":143,"column":69}},"64":{"start":{"line":145,"column":4},"end":{"line":145,"column":21}},"65":{"start":{"line":146,"column":4},"end":{"line":161,"column":5}},"66":{"start":{"line":152,"column":6},"end":{"line":159,"column":7}},"67":{"start":{"line":160,"column":6},"end":{"line":160,"column":12}},"68":{"start":{"line":163,"column":4},"end":{"line":163,"column":13}},"69":{"start":{"line":168,"column":20},"end":{"line":172,"column":3}},"70":{"start":{"line":173,"column":2},"end":{"line":173,"column":50}},"71":{"start":{"line":173,"column":14},"end":{"line":173,"column":50}},"72":{"start":{"line":176,"column":6},"end":{"line":176,"column":65}},"73":{"start":{"line":177,"column":2},"end":{"line":177,"column":16}},"74":{"start":{"line":181,"column":24},"end":{"line":181,"column":26}},"75":{"start":{"line":182,"column":14},"end":{"line":185,"column":24}},"76":{"start":{"line":186,"column":2},"end":{"line":186,"column":70}},"77":{"start":{"line":186,"column":41},"end":{"line":186,"column":69}},"78":{"start":{"line":187,"column":2},"end":{"line":187,"column":22}},"79":{"start":{"line":197,"column":21},"end":{"line":197,"column":27}},"80":{"start":{"line":198,"column":17},"end":{"line":198,"column":44}},"81":{"start":{"line":199,"column":22},"end":{"line":199,"column":70}},"82":{"start":{"line":200,"column":22},"end":{"line":200,"column":72}},"83":{"start":{"line":201,"column":15},"end":{"line":201,"column":53}},"84":{"start":{"line":202,"column":2},"end":{"line":208,"column":3}},"85":{"start":{"line":209,"column":2},"end":{"line":209,"column":17}},"86":{"start":{"line":210,"column":2},"end":{"line":210,"column":25}},"87":{"start":{"line":214,"column":20},"end":{"line":220,"column":3}},"88":{"start":{"line":224,"column":6},"end":{"line":224,"column":71}},"89":{"start":{"line":226,"column":16},"end":{"line":226,"column":17}},"90":{"start":{"line":227,"column":2},"end":{"line":234,"column":3}},"91":{"start":{"line":228,"column":40},"end":{"line":228,"column":50}},"92":{"start":{"line":229,"column":4},"end":{"line":233,"column":5}},"93":{"start":{"line":230,"column":6},"end":{"line":230,"column":63}},"94":{"start":{"line":232,"column":6},"end":{"line":232,"column":47}},"95":{"start":{"line":235,"column":2},"end":{"line":235,"column":16}},"96":{"start":{"line":239,"column":27},"end":{"line":239,"column":69}},"97":{"start":{"line":240,"column":15},"end":{"line":240,"column":17}},"98":{"start":{"line":241,"column":2},"end":{"line":243,"column":3}},"99":{"start":{"line":241,"column":15},"end":{"line":241,"column":16}},"100":{"start":{"line":242,"column":4},"end":{"line":242,"column":26}},"101":{"start":{"line":244,"column":2},"end":{"line":244,"column":13}},"102":{"start":{"line":247,"column":0},"end":{"line":249,"column":1}}},"fnMap":{"0":{"name":"(anonymous_0)","decl":{"start":{"line":10,"column":36},"end":{"line":10,"column":37}},"loc":{"start":{"line":11,"column":2},"end":{"line":13,"column":3}},"line":11},"1":{"name":"generateProducts","decl":{"start":{"line":16,"column":15},"end":{"line":16,"column":31}},"loc":{"start":{"line":16,"column":77},"end":{"line":92,"column":1}},"line":16},"2":{"name":"fillFromPreviousItems","decl":{"start":{"line":94,"column":9},"end":{"line":94,"column":30}},"loc":{"start":{"line":98,"column":2},"end":{"line":108,"column":1}},"line":98},"3":{"name":"executeBatch","decl":{"start":{"line":110,"column":15},"end":{"line":110,"column":27}},"loc":{"start":{"line":110,"column":50},"end":{"line":124,"column":1}},"line":110},"4":{"name":"(anonymous_4)","decl":{"start":{"line":112,"column":14},"end":{"line":112,"column":15}},"loc":{"start":{"line":112,"column":68},"end":{"line":122,"column":5}},"line":112},"5":{"name":"buildDraftAndCreateProduct","decl":{"start":{"line":127,"column":15},"end":{"line":127,"column":41}},"loc":{"start":{"line":134,"column":2},"end":{"line":165,"column":1}},"line":134},"6":{"name":"fetchProductTypes","decl":{"start":{"line":167,"column":15},"end":{"line":167,"column":32}},"loc":{"start":{"line":167,"column":63},"end":{"line":178,"column":1}},"line":167},"7":{"name":"fetchTaxCategories","decl":{"start":{"line":180,"column":15},"end":{"line":180,"column":33}},"loc":{"start":{"line":180,"column":36},"end":{"line":188,"column":1}},"line":180},"8":{"name":"(anonymous_8)","decl":{"start":{"line":186,"column":30},"end":{"line":186,"column":31}},"loc":{"start":{"line":186,"column":41},"end":{"line":186,"column":69}},"line":186},"9":{"name":"createLastProduct","decl":{"start":{"line":190,"column":15},"end":{"line":190,"column":32}},"loc":{"start":{"line":196,"column":2},"end":{"line":211,"column":1}},"line":196},"10":{"name":"fetchLastSku","decl":{"start":{"line":213,"column":15},"end":{"line":213,"column":27}},"loc":{"start":{"line":213,"column":30},"end":{"line":236,"column":1}},"line":213},"11":{"name":"createIncrementalSkus","decl":{"start":{"line":238,"column":9},"end":{"line":238,"column":30}},"loc":{"start":{"line":238,"column":76},"end":{"line":245,"column":1}},"line":238}},"branchMap":{"0":{"loc":{"start":{"line":16,"column":32},"end":{"line":16,"column":47}},"type":"default-arg","locations":[{"start":{"line":16,"column":44},"end":{"line":16,"column":47}}],"line":16},"1":{"loc":{"start":{"line":16,"column":49},"end":{"line":16,"column":75}},"type":"default-arg","locations":[{"start":{"line":16,"column":72},"end":{"line":16,"column":75}}],"line":16},"2":{"loc":{"start":{"line":20,"column":2},"end":{"line":20,"column":52}},"type":"if","locations":[{"start":{"line":20,"column":2},"end":{"line":20,"column":52}},{"start":{"line":20,"column":2},"end":{"line":20,"column":52}}],"line":20},"3":{"loc":{"start":{"line":24,"column":2},"end":{"line":26,"column":3}},"type":"if","locations":[{"start":{"line":24,"column":2},"end":{"line":26,"column":3}},{"start":{"line":24,"column":2},"end":{"line":26,"column":3}}],"line":24},"4":{"loc":{"start":{"line":28,"column":2},"end":{"line":30,"column":3}},"type":"if","locations":[{"start":{"line":28,"column":2},"end":{"line":30,"column":3}},{"start":{"line":28,"column":2},"end":{"line":30,"column":3}}],"line":28},"5":{"loc":{"start":{"line":49,"column":4},"end":{"line":68,"column":5}},"type":"if","locations":[{"start":{"line":49,"column":4},"end":{"line":68,"column":5}},{"start":{"line":49,"column":4},"end":{"line":68,"column":5}}],"line":49},"6":{"loc":{"start":{"line":49,"column":8},"end":{"line":49,"column":70}},"type":"binary-expr","locations":[{"start":{"line":49,"column":8},"end":{"line":49,"column":30}},{"start":{"line":49,"column":34},"end":{"line":49,"column":70}}],"line":49},"7":{"loc":{"start":{"line":56,"column":6},"end":{"line":67,"column":7}},"type":"if","locations":[{"start":{"line":56,"column":6},"end":{"line":67,"column":7}},{"start":{"line":56,"column":6},"end":{"line":67,"column":7}}],"line":56},"8":{"loc":{"start":{"line":58,"column":13},"end":{"line":67,"column":7}},"type":"if","locations":[{"start":{"line":58,"column":13},"end":{"line":67,"column":7}},{"start":{"line":58,"column":13},"end":{"line":67,"column":7}}],"line":58},"9":{"loc":{"start":{"line":77,"column":4},"end":{"line":80,"column":5}},"type":"if","locations":[{"start":{"line":77,"column":4},"end":{"line":80,"column":5}},{"start":{"line":77,"column":4},"end":{"line":80,"column":5}}],"line":77},"10":{"loc":{"start":{"line":133,"column":2},"end":{"line":133,"column":18}},"type":"default-arg","locations":[{"start":{"line":133,"column":17},"end":{"line":133,"column":18}}],"line":133},"11":{"loc":{"start":{"line":146,"column":4},"end":{"line":161,"column":5}},"type":"if","locations":[{"start":{"line":146,"column":4},"end":{"line":161,"column":5}},{"start":{"line":146,"column":4},"end":{"line":161,"column":5}}],"line":146},"12":{"loc":{"start":{"line":147,"column":6},"end":{"line":150,"column":30}},"type":"binary-expr","locations":[{"start":{"line":147,"column":6},"end":{"line":147,"column":29}},{"start":{"line":148,"column":7},"end":{"line":148,"column":29}},{"start":{"line":149,"column":8},"end":{"line":149,"column":30}},{"start":{"line":150,"column":8},"end":{"line":150,"column":29}}],"line":147},"13":{"loc":{"start":{"line":173,"column":2},"end":{"line":173,"column":50}},"type":"if","locations":[{"start":{"line":173,"column":2},"end":{"line":173,"column":50}},{"start":{"line":173,"column":2},"end":{"line":173,"column":50}}],"line":173},"14":{"loc":{"start":{"line":227,"column":2},"end":{"line":234,"column":3}},"type":"if","locations":[{"start":{"line":227,"column":2},"end":{"line":234,"column":3}},{"start":{"line":227,"column":2},"end":{"line":234,"column":3}}],"line":227},"15":{"loc":{"start":{"line":227,"column":6},"end":{"line":227,"column":46}},"type":"binary-expr","locations":[{"start":{"line":227,"column":6},"end":{"line":227,"column":24}},{"start":{"line":227,"column":28},"end":{"line":227,"column":46}}],"line":227},"16":{"loc":{"start":{"line":229,"column":4},"end":{"line":233,"column":5}},"type":"if","locations":[{"start":{"line":229,"column":4},"end":{"line":233,"column":5}},{"start":{"line":229,"column":4},"end":{"line":233,"column":5}}],"line":229},"17":{"loc":{"start":{"line":238,"column":45},"end":{"line":238,"column":52}},"type":"default-arg","locations":[{"start":{"line":238,"column":51},"end":{"line":238,"column":52}}],"line":238},"18":{"loc":{"start":{"line":238,"column":54},"end":{"line":238,"column":61}},"type":"default-arg","locations":[{"start":{"line":238,"column":60},"end":{"line":238,"column":61}}],"line":238},"19":{"loc":{"start":{"line":239,"column":27},"end":{"line":239,"column":69}},"type":"cond-expr","locations":[{"start":{"line":239,"column":39},"end":{"line":239,"column":40}},{"start":{"line":239,"column":43},"end":{"line":239,"column":69}}],"line":239}},"s":{"0":1,"1":1,"2":1,"3":1,"4":1,"5":1,"6":1,"7":1,"8":1,"9":10,"10":3,"11":3,"12":3,"13":3,"14":0,"15":3,"16":3,"17":3,"18":1,"19":2,"20":2,"21":1,"22":1,"23":1,"24":1,"25":1,"26":1,"27":1,"28":1,"29":1,"30":1,"31":9,"32":9,"33":9,"34":0,"35":0,"36":0,"37":0,"38":0,"39":0,"40":0,"41":0,"42":9,"43":9,"44":9,"45":9,"46":9,"47":0,"48":0,"49":1,"50":1,"51":1,"52":1,"53":1,"54":1,"55":0,"56":1,"57":9,"58":9,"59":9,"60":1,"61":10,"62":10,"63":10,"64":0,"65":0,"66":0,"67":0,"68":0,"69":3,"70":3,"71":0,"72":3,"73":3,"74":2,"75":2,"76":2,"77":2,"78":2,"79":1,"80":1,"81":1,"82":1,"83":1,"84":1,"85":1,"86":1,"87":1,"88":1,"89":1,"90":1,"91":1,"92":1,"93":1,"94":0,"95":1,"96":10,"97":10,"98":10,"99":10,"100":30,"101":10,"102":1},"f":{"0":10,"1":3,"2":0,"3":1,"4":9,"5":10,"6":3,"7":2,"8":2,"9":1,"10":1,"11":10},"b":{"0":[3],"1":[3],"2":[0,3],"3":[1,2],"4":[1,1],"5":[0,9],"6":[9,0],"7":[0,0],"8":[0,0],"9":[0,9],"10":[10],"11":[0,0],"12":[0,0,0,0],"13":[0,3],"14":[1,0],"15":[1,1],"16":[1,0],"17":[0],"18":[0],"19":[0,10]},"_coverageSchema":"1a1c01bbd47fc00a2c39e90264f33305004495a9","hash":"ea6ba7790623f088cc4f63b0d3795aa807f649b8","contentHash":"320388d17e9d9d443a09758cf5c1d2c6ac455b1377665462c1e527e244cee884"}}